<?xml version="1.0" encoding="utf-8"?><testsuites name="pytest tests"><testsuite name="pytest" errors="0" failures="0" skipped="0" tests="15" time="8.601" timestamp="2026-02-24T19:23:20.372764+00:00" hostname="agent-env-74d197b4-22a5-4312-8352-ba42f9a70af5"><testcase classname="backend.tests.test_active_users.TestPresenceEndpoints" name="test_heartbeat_endpoint_returns_200" time="0.516" /><testcase classname="backend.tests.test_active_users.TestPresenceEndpoints" name="test_heartbeat_response_structure" time="0.444" /><testcase classname="backend.tests.test_active_users.TestPresenceEndpoints" name="test_heartbeat_requires_auth" time="0.477" /><testcase classname="backend.tests.test_active_users.TestPresenceEndpoints" name="test_active_users_endpoint_returns_200" time="0.476" /><testcase classname="backend.tests.test_active_users.TestPresenceEndpoints" name="test_active_users_response_structure" time="0.542" /><testcase classname="backend.tests.test_active_users.TestPresenceEndpoints" name="test_active_users_user_fields" time="0.595" /><testcase classname="backend.tests.test_active_users.TestPresenceEndpoints" name="test_current_user_appears_in_active_users" time="0.586" /><testcase classname="backend.tests.test_active_users.TestPresenceEndpoints" name="test_active_users_requires_auth" time="0.673" /><testcase classname="backend.tests.test_active_users.TestPresenceEndpoints" name="test_offline_endpoint_returns_200" time="0.511" /><testcase classname="backend.tests.test_active_users.TestPresenceEndpoints" name="test_offline_response_structure" time="0.427" /><testcase classname="backend.tests.test_active_users.TestPresenceEndpoints" name="test_offline_requires_auth" time="0.670" /><testcase classname="backend.tests.test_active_users.TestPresenceEndpoints" name="test_heartbeat_updates_active_status" time="0.963" /><testcase classname="backend.tests.test_active_users.TestPresenceEndpoints" name="test_active_users_count_matches_list_length" time="0.443" /><testcase classname="backend.tests.test_active_users.TestPresenceEndpoints" name="test_user_has_last_active_timestamp" time="0.519" /><testcase classname="backend.tests.test_active_users.TestActiveUsersIntegrationFlow" name="test_full_presence_flow" time="0.682" /></testsuite></testsuites>