<?xml version="1.0" encoding="utf-8"?><testsuites name="pytest tests"><testsuite name="pytest" errors="0" failures="0" skipped="0" tests="14" time="3.625" timestamp="2026-04-09T16:10:16.309813+00:00" hostname="agent-env-291acb8d-be6f-4dcc-8e6d-0c610650aa2a"><testcase classname="backend.tests.test_admin_rbac.TestAdminRBAC" name="test_commander_can_get_users" time="0.563" /><testcase classname="backend.tests.test_admin_rbac.TestAdminRBAC" name="test_commander_can_get_pending_users" time="0.065" /><testcase classname="backend.tests.test_admin_rbac.TestAdminRBAC" name="test_commander_can_update_user_role" time="0.171" /><testcase classname="backend.tests.test_admin_rbac.TestAdminRBAC" name="test_exec_cadre_can_get_users" time="0.502" /><testcase classname="backend.tests.test_admin_rbac.TestAdminRBAC" name="test_exec_cadre_can_update_user_role" time="0.171" /><testcase classname="backend.tests.test_admin_rbac.TestAdminRBAC" name="test_exec_cadre_cannot_get_pending_users" time="0.061" /><testcase classname="backend.tests.test_admin_rbac.TestAdminRBAC" name="test_exec_cadre_cannot_delete_user" time="0.146" /><testcase classname="backend.tests.test_admin_rbac.TestAdminRBAC" name="test_exec_cadre_cannot_update_permissions" time="0.116" /><testcase classname="backend.tests.test_admin_rbac.TestAdminRBAC" name="test_exec_cadre_cannot_reset_password" time="0.192" /><testcase classname="backend.tests.test_admin_rbac.TestUserGrouping" name="test_users_have_roles_for_grouping" time="0.478" /><testcase classname="backend.tests.test_admin_rbac.TestUserGrouping" name="test_users_sorted_alphabetically" time="0.088" /><testcase classname="backend.tests.test_admin_rbac.TestReceiptOCREndpoint" name="test_receipt_upload_endpoint_exists" time="0.496" /><testcase classname="backend.tests.test_admin_rbac.TestAutoBalanceEndpoint" name="test_auto_assign_endpoint_exists" time="0.455" /><testcase classname="backend.tests.test_admin_rbac.TestAutoBalanceEndpoint" name="test_flight_distribution_endpoint" time="0.051" /></testsuite></testsuites>