<?xml version="1.0" encoding="utf-8"?><testsuites name="pytest tests"><testsuite name="pytest" errors="0" failures="0" skipped="0" tests="14" time="2.271" timestamp="2026-02-21T21:32:04.669767+00:00" hostname="agent-env-7aeacb00-7e54-485b-85cc-eb9f3bf219a0"><testcase classname="tests.test_analytics.TestAnalyticsEndpoints" name="test_detailed_analytics_endpoint_returns_200" time="0.497" /><testcase classname="tests.test_analytics.TestAnalyticsEndpoints" name="test_detailed_analytics_has_role_breakdown" time="0.116" /><testcase classname="tests.test_analytics.TestAnalyticsEndpoints" name="test_detailed_analytics_has_age_statistics" time="0.127" /><testcase classname="tests.test_analytics.TestAnalyticsEndpoints" name="test_detailed_analytics_has_pending_payments" time="0.170" /><testcase classname="tests.test_analytics.TestPendingPaymentsEndpoint" name="test_pending_payments_endpoint_returns_200" time="0.131" /><testcase classname="tests.test_analytics.TestPendingPaymentsEndpoint" name="test_pending_payments_has_contact_info" time="0.107" /><testcase classname="tests.test_analytics.TestExportEndpoints" name="test_csv_export_returns_file" time="0.141" /><testcase classname="tests.test_analytics.TestExportEndpoints" name="test_excel_export_returns_file" time="0.140" /><testcase classname="tests.test_analytics.TestExportEndpoints" name="test_full_report_export_returns_multi_sheet_excel" time="0.169" /><testcase classname="tests.test_analytics.TestAnalyticsAuthentication" name="test_detailed_analytics_requires_auth" time="0.098" /><testcase classname="tests.test_analytics.TestAnalyticsAuthentication" name="test_pending_payments_requires_auth" time="0.153" /><testcase classname="tests.test_analytics.TestAnalyticsAuthentication" name="test_csv_export_requires_auth" time="0.124" /><testcase classname="tests.test_analytics.TestAnalyticsAuthentication" name="test_excel_export_requires_auth" time="0.122" /><testcase classname="tests.test_analytics.TestAnalyticsAuthentication" name="test_summary_export_requires_auth" time="0.123" /></testsuite></testsuites>