<?xml version="1.0" encoding="utf-8"?><testsuites name="pytest tests"><testsuite name="pytest" errors="0" failures="0" skipped="0" tests="15" time="24.813" timestamp="2026-04-10T16:18:28.042140+00:00" hostname="agent-env-291acb8d-be6f-4dcc-8e6d-0c610650aa2a"><testcase classname="backend.tests.test_assignments_classroom.TestAssignmentsClassroom" name="test_01_create_assignment_squadron_targeting" time="1.048" /><testcase classname="backend.tests.test_assignments_classroom.TestAssignmentsClassroom" name="test_02_create_assignment_flight_targeting" time="0.971" /><testcase classname="backend.tests.test_assignments_classroom.TestAssignmentsClassroom" name="test_03_create_assignment_combined_targeting" time="0.936" /><testcase classname="backend.tests.test_assignments_classroom.TestAssignmentsClassroom" name="test_04_create_assignment_with_questions" time="1.819" /><testcase classname="backend.tests.test_assignments_classroom.TestAssignmentsClassroom" name="test_05_create_assignment_with_instructors_mentors" time="1.927" /><testcase classname="backend.tests.test_assignments_classroom.TestAssignmentsClassroom" name="test_06_list_assignments_returns_role_info" time="1.897" /><testcase classname="backend.tests.test_assignments_classroom.TestAssignmentsClassroom" name="test_07_get_assignment_detail_creator_view" time="1.850" /><testcase classname="backend.tests.test_assignments_classroom.TestAssignmentsClassroom" name="test_08_submit_assignment_with_answers" time="2.248" /><testcase classname="backend.tests.test_assignments_classroom.TestAssignmentsClassroom" name="test_09_grade_submission_by_instructor" time="3.119" /><testcase classname="backend.tests.test_assignments_classroom.TestAssignmentsClassroom" name="test_10_delete_assignment" time="1.982" /><testcase classname="backend.tests.test_assignments_classroom.TestAssignmentsClassroom" name="test_11_reminder_for_non_submitters" time="4.048" /><testcase classname="backend.tests.test_assignments_classroom.TestAssignmentsClassroom" name="test_12_assignment_detail_shows_target_info" time="1.055" /><testcase classname="backend.tests.test_assignments_classroom.TestAssignmentsClassroom" name="test_13_flights_and_squadrons_endpoints" time="0.770" /><testcase classname="backend.tests.test_assignments_classroom.TestAssignmentsClassroom" name="test_14_assignment_stats_overview" time="0.668" /><testcase classname="backend.tests.test_assignments_classroom.TestAssignmentsClassroomCleanup" name="test_cleanup_test_assignments" time="0.390" /></testsuite></testsuites>