<?xml version="1.0" encoding="utf-8"?><testsuites name="pytest tests"><testsuite name="pytest" errors="0" failures="0" skipped="0" tests="13" time="15.808" timestamp="2026-04-06T23:59:15.055510+00:00" hostname="agent-env-291acb8d-be6f-4dcc-8e6d-0c610650aa2a"><testcase classname="backend.tests.test_assignments.TestAssignmentsBackend" name="test_01_create_assignment" time="1.587" /><testcase classname="backend.tests.test_assignments.TestAssignmentsBackend" name="test_02_list_assignments" time="0.406" /><testcase classname="backend.tests.test_assignments.TestAssignmentsBackend" name="test_03_get_assignment_creator_view" time="1.635" /><testcase classname="backend.tests.test_assignments.TestAssignmentsBackend" name="test_04_submit_assignment" time="1.799" /><testcase classname="backend.tests.test_assignments.TestAssignmentsBackend" name="test_05_grade_submission" time="2.447" /><testcase classname="backend.tests.test_assignments.TestAssignmentsBackend" name="test_06_send_reminders" time="3.554" /><testcase classname="backend.tests.test_assignments.TestAssignmentsBackend" name="test_07_delete_assignment" time="1.606" /><testcase classname="backend.tests.test_assignments.TestAssignmentsBackend" name="test_08_create_assignment_flight_target" time="0.616" /><testcase classname="backend.tests.test_assignments.TestAssignmentsBackend" name="test_09_create_assignment_individual_target" time="0.637" /><testcase classname="backend.tests.test_assignments.TestAssignmentsBackend" name="test_10_non_creator_cannot_create" time="0.126" /><testcase classname="backend.tests.test_assignments.TestAssignmentsBackend" name="test_11_assignment_stats" time="0.453" /><testcase classname="backend.tests.test_assignments.TestAssignmentsBackend" name="test_12_get_nonexistent_assignment" time="0.466" /><testcase classname="backend.tests.test_assignments.TestAssignmentsCleanup" name="test_cleanup_test_assignments" time="0.387" /></testsuite></testsuites>