<?xml version="1.0" encoding="utf-8"?><testsuites name="pytest tests"><testsuite name="pytest" errors="0" failures="0" skipped="0" tests="12" time="5.283" timestamp="2026-03-26T15:28:58.944928+00:00" hostname="agent-env-c2112518-2999-4b77-8667-05ee10ccf99e"><testcase classname="backend.tests.test_assignment_permissions.TestAssignmentPermissions" name="test_commander_can_login" time="0.364" /><testcase classname="backend.tests.test_assignment_permissions.TestAssignmentPermissions" name="test_commander_can_edit_student_assignment" time="0.472" /><testcase classname="backend.tests.test_assignment_permissions.TestAssignmentPermissions" name="test_commander_can_edit_cadre_assignment" time="0.535" /><testcase classname="backend.tests.test_assignment_permissions.TestAssignmentPermissions" name="test_exec_cadre_can_login" time="0.326" /><testcase classname="backend.tests.test_assignment_permissions.TestAssignmentPermissions" name="test_exec_cadre_can_edit_cadre_assignment" time="0.432" /><testcase classname="backend.tests.test_assignment_permissions.TestAssignmentPermissions" name="test_exec_cadre_cannot_edit_student_assignment" time="0.492" /><testcase classname="backend.tests.test_assignment_permissions.TestAssignmentPermissions" name="test_unauthenticated_cannot_edit_assignment" time="0.509" /><testcase classname="backend.tests.test_assignment_permissions.TestAssignmentPermissions" name="test_invalid_participant_id_returns_404" time="0.426" /><testcase classname="backend.tests.test_assignment_permissions.TestAssignmentPermissions" name="test_invalid_flight_returns_400" time="0.472" /><testcase classname="backend.tests.test_assignment_permissions.TestFrontendButtonVisibility" name="test_exec_cadre_user_has_correct_role" time="0.377" /><testcase classname="backend.tests.test_assignment_permissions.TestFrontendButtonVisibility" name="test_commander_user_has_correct_role" time="0.387" /><testcase classname="backend.tests.test_assignment_permissions.TestFrontendButtonVisibility" name="test_participants_have_correct_types" time="0.422" /></testsuite></testsuites>