<?xml version="1.0" encoding="utf-8"?><testsuites name="pytest tests"><testsuite name="pytest" errors="0" failures="0" skipped="0" tests="13" time="5.827" timestamp="2026-04-06T20:27:05.039845+00:00" hostname="agent-env-291acb8d-be6f-4dcc-8e6d-0c610650aa2a"><testcase classname="backend.tests.test_auth_cookie_migration.TestCookieAuthLogin" name="test_login_sets_httponly_cookie" time="0.452" /><testcase classname="backend.tests.test_auth_cookie_migration.TestCookieAuthLogin" name="test_login_returns_user_data" time="0.374" /><testcase classname="backend.tests.test_auth_cookie_migration.TestCookieAuthLogout" name="test_logout_clears_cookie" time="0.486" /><testcase classname="backend.tests.test_auth_cookie_migration.TestCookieOnlyAuth" name="test_auth_me_with_cookie_only" time="0.398" /><testcase classname="backend.tests.test_auth_cookie_migration.TestBearerTokenBackwardCompat" name="test_auth_me_with_bearer_token" time="0.548" /><testcase classname="backend.tests.test_auth_cookie_migration.TestAutoBalanceFlights" name="test_auto_assign_endpoint_exists" time="0.432" /><testcase classname="backend.tests.test_auth_cookie_migration.TestAutoBalanceFlights" name="test_auto_assign_returns_count" time="0.396" /><testcase classname="backend.tests.test_auth_cookie_migration.TestPhotoEndpointCookieAuth" name="test_photo_endpoint_with_cookie" time="0.548" /><testcase classname="backend.tests.test_auth_cookie_migration.TestFlightDistribution" name="test_flight_distribution_endpoint" time="0.405" /><testcase classname="backend.tests.test_auth_cookie_migration.TestParentAuth" name="test_parent_login_sets_cookie" time="0.373" /><testcase classname="backend.tests.test_auth_cookie_migration.TestProtectedEndpointsWithCookie" name="test_dashboard_stats_with_cookie" time="0.418" /><testcase classname="backend.tests.test_auth_cookie_migration.TestProtectedEndpointsWithCookie" name="test_participants_list_with_cookie" time="0.442" /><testcase classname="backend.tests.test_auth_cookie_migration.TestProtectedEndpointsWithCookie" name="test_org_chart_with_cookie" time="0.478" /></testsuite></testsuites>