<?xml version="1.0" encoding="utf-8"?><testsuites name="pytest tests"><testsuite name="pytest" errors="0" failures="0" skipped="1" tests="14" time="3.032" timestamp="2026-02-24T16:33:21.454613+00:00" hostname="agent-env-74d197b4-22a5-4312-8352-ba42f9a70af5"><testcase classname="backend.tests.test_awards.TestAwardsFeature" name="test_get_award_types" time="0.758" /><testcase classname="backend.tests.test_awards.TestAwardsFeature" name="test_cadet_of_day_is_auto_eligible" time="0.187" /><testcase classname="backend.tests.test_awards.TestAwardsFeature" name="test_create_honor_award" time="0.260" /><testcase classname="backend.tests.test_awards.TestAwardsFeature" name="test_create_award_with_notes" time="0.119" /><testcase classname="backend.tests.test_awards.TestAwardsFeature" name="test_create_award_invalid_recipient" time="0.130" /><testcase classname="backend.tests.test_awards.TestAwardsFeature" name="test_get_honor_awards" time="0.140" /><testcase classname="backend.tests.test_awards.TestAwardsFeature" name="test_get_awards_filter_by_type" time="0.270" /><testcase classname="backend.tests.test_awards.TestAwardsFeature" name="test_get_awards_by_date" time="0.145" /><testcase classname="backend.tests.test_awards.TestAwardsFeature" name="test_get_awards_by_current_date" time="0.150" /><testcase classname="backend.tests.test_awards.TestAwardsFeature" name="test_auto_assign_daily_awards" time="0.126" /><testcase classname="backend.tests.test_awards.TestAwardsFeature" name="test_get_recipients_summary" time="0.161" /><testcase classname="backend.tests.test_awards.TestAwardsFeature" name="test_delete_award" time="0.278" /><testcase classname="backend.tests.test_awards.TestAwardsFeature" name="test_delete_nonexistent_award" time="0.103" /><testcase classname="backend.tests.test_awards.TestAwardsFeature" name="test_unauthorized_delete" time="0.133"><skipped type="pytest.skip" message="Staff user not available for testing">/app/backend/tests/test_awards.py:325: Staff user not available for testing</skipped></testcase></testsuite></testsuites>