<?xml version="1.0" encoding="utf-8"?><testsuites name="pytest tests"><testsuite name="pytest" errors="0" failures="0" skipped="0" tests="20" time="10.991" timestamp="2026-03-26T20:52:47.753313+00:00" hostname="agent-env-d405cba9-a404-4e72-b2ab-7adb0359dd9a"><testcase classname="backend.tests.test_barracks.TestBarracksAuth" name="test_login_success" time="0.418" /><testcase classname="backend.tests.test_barracks.TestBarracksAuth" name="test_barracks_requires_auth" time="0.112" /><testcase classname="backend.tests.test_barracks.TestBarracksList" name="test_get_barracks_returns_5_barracks" time="0.470" /><testcase classname="backend.tests.test_barracks.TestBarracksList" name="test_barracks_have_correct_ids" time="0.485" /><testcase classname="backend.tests.test_barracks.TestBarracksList" name="test_barracks_have_correct_config" time="0.452" /><testcase classname="backend.tests.test_barracks.TestBarracksList" name="test_barracks_have_occupancy_stats" time="0.474" /><testcase classname="backend.tests.test_barracks.TestBarracksDetail" name="test_get_barracks_detail_tr142b" time="0.463" /><testcase classname="backend.tests.test_barracks.TestBarracksDetail" name="test_barracks_detail_bunk_structure" time="0.455" /><testcase classname="backend.tests.test_barracks.TestBarracksDetail" name="test_barracks_detail_wall_distribution" time="0.508" /><testcase classname="backend.tests.test_barracks.TestBarracksDetail" name="test_barracks_detail_not_found" time="0.462" /><testcase classname="backend.tests.test_barracks.TestUnassignedParticipants" name="test_get_unassigned_participants" time="0.458" /><testcase classname="backend.tests.test_barracks.TestUnassignedParticipants" name="test_unassigned_participants_structure" time="0.464" /><testcase classname="backend.tests.test_barracks.TestUnassignedParticipants" name="test_unassigned_excludes_staff" time="0.466" /><testcase classname="backend.tests.test_barracks.TestBunkAssignment" name="test_assign_participant_to_bunk" time="0.927" /><testcase classname="backend.tests.test_barracks.TestBunkAssignment" name="test_assign_prevents_double_booking_same_spot" time="0.899" /><testcase classname="backend.tests.test_barracks.TestBunkAssignment" name="test_assign_prevents_participant_in_multiple_bunks" time="0.988" /><testcase classname="backend.tests.test_barracks.TestBunkUnassignment" name="test_unassign_bunk" time="1.022" /><testcase classname="backend.tests.test_barracks.TestBunkUnassignment" name="test_unassign_nonexistent_returns_404" time="0.482" /><testcase classname="backend.tests.test_barracks.TestCheckInStepRename" name="test_check_in_roster_has_bunk_assignment_step" time="0.459" /><testcase classname="backend.tests.test_barracks.TestSupportCadreRolesInAdmin" name="test_support_cadre_roles_exist" time="0.443" /></testsuite></testsuites>