<?xml version="1.0" encoding="utf-8"?><testsuites name="pytest tests"><testsuite name="pytest" errors="0" failures="0" skipped="0" tests="19" time="8.596" timestamp="2026-02-21T20:22:35.508077+00:00" hostname="agent-env-a763deab-8ac8-4ed2-a4ec-02d52ea37807"><testcase classname="backend.tests.test_budget_features.TestBudgetSetup" name="test_commander_can_login" time="0.532" /><testcase classname="backend.tests.test_budget_features.TestBudgetCRUD" name="test_get_budget_returns_list" time="0.433" /><testcase classname="backend.tests.test_budget_features.TestBudgetCRUD" name="test_create_budget_item" time="0.244" /><testcase classname="backend.tests.test_budget_features.TestBudgetCRUD" name="test_create_income_item" time="0.231" /><testcase classname="backend.tests.test_budget_features.TestBudgetCRUD" name="test_update_budget_item" time="0.372" /><testcase classname="backend.tests.test_budget_features.TestBudgetCRUD" name="test_delete_budget_item" time="0.324" /><testcase classname="backend.tests.test_budget_features.TestBudgetSummary" name="test_get_budget_summary" time="0.466" /><testcase classname="backend.tests.test_budget_features.TestFoodExpenseSettings" name="test_get_food_expense_settings" time="0.478" /><testcase classname="backend.tests.test_budget_features.TestFoodExpenseSettings" name="test_update_food_expense_settings" time="0.358" /><testcase classname="backend.tests.test_budget_features.TestFoodExpenseSettings" name="test_partial_update_food_settings" time="0.209" /><testcase classname="backend.tests.test_budget_features.TestFinanceRoleAccess" name="test_finance_role_can_access_budget" time="1.428" /><testcase classname="backend.tests.test_budget_features.TestFinanceRoleAccess" name="test_finance_role_can_access_food_settings" time="0.137" /><testcase classname="backend.tests.test_budget_features.TestFinanceRoleAccess" name="test_cadet_cannot_access_budget" time="0.633" /><testcase classname="backend.tests.test_budget_features.TestFinanceRoleAccess" name="test_cadet_cannot_access_food_settings" time="0.133" /><testcase classname="backend.tests.test_budget_features.TestFinanceRoleAccess" name="test_cadet_cannot_create_budget_item" time="0.132" /><testcase classname="backend.tests.test_budget_features.TestReceiptUpload" name="test_upload_receipt_to_budget_item" time="0.742" /><testcase classname="backend.tests.test_budget_features.TestReceiptUpload" name="test_delete_receipt_from_budget_item" time="0.465" /><testcase classname="backend.tests.test_budget_features.TestReceiptUpload" name="test_upload_receipt_invalid_file_type" time="0.376" /><testcase classname="backend.tests.test_budget_features.TestAdminPageFinanceRole" name="test_update_user_role_to_finance" time="0.757" /></testsuite></testsuites>