<?xml version="1.0" encoding="utf-8"?><testsuites name="pytest tests"><testsuite name="pytest" errors="0" failures="0" skipped="0" tests="10" time="2.931" timestamp="2026-05-06T17:52:56.505988+00:00" hostname="agent-env-291acb8d-be6f-4dcc-8e6d-0c610650aa2a"><testcase classname="backend.tests.test_bulk_participants.TestBulkChangeType" name="test_bulk_change_to_cadre" time="1.088" /><testcase classname="backend.tests.test_bulk_participants.TestBulkChangeType" name="test_bulk_change_to_staff" time="0.585" /><testcase classname="backend.tests.test_bulk_participants.TestBulkChangeType" name="test_bulk_change_back_to_student" time="0.076" /><testcase classname="backend.tests.test_bulk_participants.TestBulkChangeType" name="test_bulk_invalid_type" time="0.068" /><testcase classname="backend.tests.test_bulk_participants.TestBulkChangeType" name="test_bulk_empty_ids" time="0.074" /><testcase classname="backend.tests.test_bulk_participants.TestBulkDelete" name="test_bulk_delete_requires_confirm" time="0.071" /><testcase classname="backend.tests.test_bulk_participants.TestBulkDelete" name="test_bulk_delete_success" time="0.148" /><testcase classname="backend.tests.test_bulk_participants.TestExcelExportShirtSize" name="test_excel_export_includes_shirt_size" time="0.166" /><testcase classname="backend.tests.test_bulk_participants.TestBulkRBAC" name="test_unauthenticated_bulk_type_blocked" time="0.170" /><testcase classname="backend.tests.test_bulk_participants.TestBulkRBAC" name="test_unauthenticated_bulk_delete_blocked" time="0.259" /></testsuite></testsuites>