<?xml version="1.0" encoding="utf-8"?><testsuites name="pytest tests"><testsuite name="pytest" errors="0" failures="0" skipped="0" tests="19" time="7.830" timestamp="2026-03-26T20:26:54.741958+00:00" hostname="agent-env-d405cba9-a404-4e72-b2ab-7adb0359dd9a"><testcase classname="backend.tests.test_check_in.TestCheckInAuth" name="test_login_commander" time="0.368" /><testcase classname="backend.tests.test_check_in.TestCheckInAuth" name="test_check_in_requires_auth" time="0.193" /><testcase classname="backend.tests.test_check_in.TestCheckInSummary" name="test_summary_returns_correct_structure" time="0.387" /><testcase classname="backend.tests.test_check_in.TestCheckInSummary" name="test_summary_totals_match_expected" time="0.437" /><testcase classname="backend.tests.test_check_in.TestCheckInSummary" name="test_summary_step_counts_structure" time="0.402" /><testcase classname="backend.tests.test_check_in.TestCheckInRoster" name="test_roster_returns_all_participants" time="0.415" /><testcase classname="backend.tests.test_check_in.TestCheckInRoster" name="test_roster_filter_by_student" time="0.457" /><testcase classname="backend.tests.test_check_in.TestCheckInRoster" name="test_roster_filter_by_staff" time="0.406" /><testcase classname="backend.tests.test_check_in.TestCheckInRoster" name="test_roster_filter_by_cadre" time="0.398" /><testcase classname="backend.tests.test_check_in.TestCheckInRoster" name="test_roster_step_structure" time="0.400" /><testcase classname="backend.tests.test_check_in.TestCheckInStepOperations" name="test_check_in_single_step" time="0.525" /><testcase classname="backend.tests.test_check_in.TestCheckInStepOperations" name="test_undo_check_in_step" time="0.621" /><testcase classname="backend.tests.test_check_in.TestCheckInStepOperations" name="test_invalid_step_returns_400" time="0.472" /><testcase classname="backend.tests.test_check_in.TestCheckInBulkOperations" name="test_check_all_steps" time="0.566" /><testcase classname="backend.tests.test_check_in.TestCheckInBulkOperations" name="test_undo_all_steps" time="0.565" /><testcase classname="backend.tests.test_check_in.TestSupportCadreRoles" name="test_support_roles_exist_in_backend" time="0.396" /><testcase classname="backend.tests.test_check_in.TestSupportCadreRoles" name="test_support_logistics_has_check_in_access" time="0.327" /><testcase classname="backend.tests.test_check_in.TestSupportCadreRoles" name="test_support_health_has_health_view" time="0.000" /><testcase classname="backend.tests.test_check_in.TestCheckInCleanup" name="test_cleanup_test_check_ins" time="0.407" /></testsuite></testsuites>