<?xml version="1.0" encoding="utf-8"?><testsuites name="pytest tests"><testsuite name="pytest" errors="0" failures="0" skipped="0" tests="26" time="4.174" timestamp="2026-03-27T21:38:30.938707+00:00" hostname="agent-env-689d916c-05a6-48ce-8c4a-e77f091afe2b"><testcase classname="backend.tests.test_dashboard_quickview.TestDashboardQuickview" name="test_commander_login_success" time="0.496" /><testcase classname="backend.tests.test_dashboard_quickview.TestDashboardQuickview" name="test_commander_role_is_correct" time="0.148" /><testcase classname="backend.tests.test_dashboard_quickview.TestDashboardQuickview" name="test_commander_quickview_returns_all_sections" time="0.156" /><testcase classname="backend.tests.test_dashboard_quickview.TestDashboardQuickview" name="test_commander_admin_section_structure" time="0.131" /><testcase classname="backend.tests.test_dashboard_quickview.TestDashboardQuickview" name="test_commander_check_in_section_structure" time="0.127" /><testcase classname="backend.tests.test_dashboard_quickview.TestDashboardQuickview" name="test_commander_health_section_structure" time="0.123" /><testcase classname="backend.tests.test_dashboard_quickview.TestDashboardQuickview" name="test_commander_budget_section_structure" time="0.160" /><testcase classname="backend.tests.test_dashboard_quickview.TestDashboardQuickview" name="test_commander_logistics_section_structure" time="0.162" /><testcase classname="backend.tests.test_dashboard_quickview.TestDashboardQuickview" name="test_commander_training_section_structure" time="0.118" /><testcase classname="backend.tests.test_dashboard_quickview.TestDashboardQuickview" name="test_commander_barracks_section_structure" time="0.119" /><testcase classname="backend.tests.test_dashboard_quickview.TestDashboardQuickview" name="test_commander_reports_section_structure" time="0.120" /><testcase classname="backend.tests.test_dashboard_quickview.TestDashboardQuickview" name="test_commander_dining_section_structure" time="0.176" /><testcase classname="backend.tests.test_dashboard_quickview.TestDashboardQuickview" name="test_cadre_login_success" time="0.341" /><testcase classname="backend.tests.test_dashboard_quickview.TestDashboardQuickview" name="test_cadre_role_is_correct" time="0.104" /><testcase classname="backend.tests.test_dashboard_quickview.TestDashboardQuickview" name="test_cadre_quickview_returns_only_my_unit" time="0.109" /><testcase classname="backend.tests.test_dashboard_quickview.TestDashboardQuickview" name="test_cadre_my_unit_section_structure" time="0.220" /><testcase classname="backend.tests.test_dashboard_quickview.TestDashboardQuickview" name="test_cadre_no_admin_access" time="0.118" /><testcase classname="backend.tests.test_dashboard_quickview.TestDashboardQuickview" name="test_cadre_no_budget_access" time="0.119" /><testcase classname="backend.tests.test_dashboard_quickview.TestDashboardQuickview" name="test_cadre_no_health_access" time="0.126" /><testcase classname="backend.tests.test_dashboard_quickview.TestDashboardQuickview" name="test_cadre_no_logistics_access" time="0.142" /><testcase classname="backend.tests.test_dashboard_quickview.TestDashboardQuickview" name="test_cadre_no_training_access" time="0.102" /><testcase classname="backend.tests.test_dashboard_quickview.TestDashboardQuickview" name="test_cadre_no_barracks_access" time="0.166" /><testcase classname="backend.tests.test_dashboard_quickview.TestDashboardQuickview" name="test_check_in_progress_percentage" time="0.125" /><testcase classname="backend.tests.test_dashboard_quickview.TestDashboardQuickview" name="test_budget_variance_value" time="0.134" /><testcase classname="backend.tests.test_dashboard_quickview.TestDashboardQuickviewEndpointAuth" name="test_quickview_requires_auth" time="0.137" /><testcase classname="backend.tests.test_dashboard_quickview.TestDashboardQuickviewEndpointAuth" name="test_quickview_rejects_invalid_token" time="0.106" /></testsuite></testsuites>