<?xml version="1.0" encoding="utf-8"?><testsuites name="pytest tests"><testsuite name="pytest" errors="0" failures="0" skipped="0" tests="7" time="4.284" timestamp="2026-05-29T19:07:21.938264+00:00" hostname="agent-env-291acb8d-be6f-4dcc-8e6d-0c610650aa2a"><testcase classname="backend.tests.test_discover_tabs.TestDiscoverTabs" name="test_discover_with_raw_id" time="1.209" /><testcase classname="backend.tests.test_discover_tabs.TestDiscoverTabs" name="test_discover_with_full_url" time="0.419" /><testcase classname="backend.tests.test_discover_tabs.TestDiscoverTabs" name="test_discover_forbidden_for_non_admin" time="0.457" /><testcase classname="backend.tests.test_discover_tabs.TestDiscoverTabs" name="test_discover_invalid_id" time="0.203" /><testcase classname="backend.tests.test_discover_tabs.TestBulkAdd" name="test_bulk_add_basic_and_dedup_and_id_uniqueness" time="1.023" /><testcase classname="backend.tests.test_discover_tabs.TestBulkAdd" name="test_bulk_add_forbidden_non_admin" time="0.105" /><testcase classname="backend.tests.test_discover_tabs.TestSyncViaSheetName" name="test_sync_sat_may_30_tab" time="0.803" /></testsuite></testsuites>