<?xml version="1.0" encoding="utf-8"?><testsuites name="pytest tests"><testsuite name="pytest" errors="0" failures="0" skipped="0" tests="19" time="4.846" timestamp="2026-03-13T16:42:57.342540+00:00" hostname="agent-env-bb0effc8-fa25-4480-9918-1f57aa6536f2"><testcase classname="backend.tests.test_document_preview.TestPreviewAPI" name="test_preview_text_file_returns_inline_disposition" time="1.949" /><testcase classname="backend.tests.test_document_preview.TestPreviewAPI" name="test_preview_image_file_returns_inline_disposition" time="0.337" /><testcase classname="backend.tests.test_document_preview.TestPreviewAPI" name="test_preview_sop_text_file" time="0.276" /><testcase classname="backend.tests.test_document_preview.TestPreviewAPI" name="test_preview_returns_file_content" time="0.271" /><testcase classname="backend.tests.test_document_preview.TestPreviewAPI" name="test_preview_image_returns_binary_content" time="0.331" /><testcase classname="backend.tests.test_document_preview.TestPreviewAPI" name="test_preview_content_only_doc_returns_404" time="0.181" /><testcase classname="backend.tests.test_document_preview.TestPreviewAPI" name="test_preview_nonexistent_doc_returns_404" time="0.130" /><testcase classname="backend.tests.test_document_preview.TestDownloadVsPreview" name="test_download_returns_attachment_disposition" time="0.233" /><testcase classname="backend.tests.test_document_preview.TestDownloadVsPreview" name="test_preview_vs_download_same_content" time="0.515" /><testcase classname="backend.tests.test_document_preview.TestDocumentFileTypes" name="test_text_document_has_text_plain_type" time="0.137" /><testcase classname="backend.tests.test_document_preview.TestDocumentFileTypes" name="test_image_document_has_image_png_type" time="0.165" /><testcase classname="backend.tests.test_document_preview.TestDocumentFileTypes" name="test_content_only_doc_has_no_file_type" time="0.127" /><testcase classname="backend.tests.test_document_preview.TestCanPreviewLogic" name="test_can_preview_text_plain" time="0.000" /><testcase classname="backend.tests.test_document_preview.TestCanPreviewLogic" name="test_can_preview_image_png" time="0.000" /><testcase classname="backend.tests.test_document_preview.TestCanPreviewLogic" name="test_can_preview_pdf" time="0.000" /><testcase classname="backend.tests.test_document_preview.TestCanPreviewLogic" name="test_can_preview_json" time="0.000" /><testcase classname="backend.tests.test_document_preview.TestCanPreviewLogic" name="test_cannot_preview_docx" time="0.000" /><testcase classname="backend.tests.test_document_preview.TestCanPreviewLogic" name="test_cannot_preview_xlsx" time="0.000" /><testcase classname="backend.tests.test_document_preview.TestPreviewAuthentication" name="test_preview_without_auth_returns_401" time="0.116" /></testsuite></testsuites>