<?xml version="1.0" encoding="utf-8"?><testsuites name="pytest tests"><testsuite name="pytest" errors="0" failures="0" skipped="0" tests="13" time="4.535" timestamp="2026-03-13T14:53:24.094561+00:00" hostname="agent-env-bb0effc8-fa25-4480-9918-1f57aa6536f2"><testcase classname="backend.tests.test_document_upload.TestDocumentUploadAPI" name="test_upload_handbook_with_file" time="0.780" /><testcase classname="backend.tests.test_document_upload.TestDocumentUploadAPI" name="test_upload_official_document_with_file" time="0.289" /><testcase classname="backend.tests.test_document_upload.TestDocumentUploadAPI" name="test_upload_without_title_fails" time="0.123" /><testcase classname="backend.tests.test_document_upload.TestDocumentDownloadAPI" name="test_download_existing_handbook" time="0.460" /><testcase classname="backend.tests.test_document_upload.TestDocumentDownloadAPI" name="test_download_nonexistent_document_fails" time="0.119" /><testcase classname="backend.tests.test_document_upload.TestDocumentDownloadAPI" name="test_download_uploaded_document" time="0.524" /><testcase classname="backend.tests.test_document_upload.TestDocumentListAPI" name="test_list_documents_includes_file_fields" time="0.120" /><testcase classname="backend.tests.test_document_upload.TestDocumentListAPI" name="test_filter_handbooks_only" time="0.120" /><testcase classname="backend.tests.test_document_upload.TestDocumentCRUD" name="test_create_document_without_file" time="0.187" /><testcase classname="backend.tests.test_document_upload.TestDocumentCRUD" name="test_update_document" time="0.251" /><testcase classname="backend.tests.test_document_upload.TestDocumentCRUD" name="test_delete_document" time="0.387" /><testcase classname="backend.tests.test_document_upload.TestRoleBasedAccess" name="test_commander_can_upload" time="0.315" /><testcase classname="backend.tests.test_document_upload.TestCleanup" name="test_cleanup_test_documents" time="0.789" /></testsuite></testsuites>