<?xml version="1.0" encoding="utf-8"?><testsuites name="pytest tests"><testsuite name="pytest" errors="0" failures="0" skipped="0" tests="11" time="7.911" timestamp="2026-03-09T23:06:03.625201+00:00" hostname="agent-env-8443c706-8aa9-40e2-a6a2-53f91aec3f0d"><testcase classname="backend.tests.test_escalation_chain.TestEscalationChain" name="test_01_create_report_with_commander_issues" time="1.435" /><testcase classname="backend.tests.test_escalation_chain.TestEscalationChain" name="test_02_escalate_to_flight_commander" time="0.703" /><testcase classname="backend.tests.test_escalation_chain.TestEscalationChain" name="test_03_escalate_to_squadron_commander" time="0.695" /><testcase classname="backend.tests.test_escalation_chain.TestEscalationChain" name="test_04_escalate_to_exec_cadre" time="0.703" /><testcase classname="backend.tests.test_escalation_chain.TestEscalationChain" name="test_05_exec_cadre_cannot_escalate_to_encampment_commander" time="0.750" /><testcase classname="backend.tests.test_escalation_chain.TestEscalationChain" name="test_06_commander_can_escalate_to_encampment_commander" time="0.675" /><testcase classname="backend.tests.test_escalation_chain.TestEscalationChain" name="test_07_verify_escalation_history" time="0.684" /><testcase classname="backend.tests.test_escalation_chain.TestEscalationChain" name="test_08_cannot_skip_escalation_levels" time="0.768" /><testcase classname="backend.tests.test_escalation_chain.TestEscalationChain" name="test_09_verify_status_badges_mapping" time="0.615" /><testcase classname="backend.tests.test_escalation_chain.TestExistingEscalatedReport" name="test_verify_existing_escalated_report" time="0.405" /><testcase classname="backend.tests.test_escalation_chain.TestReportCreationLogic" name="test_report_without_commander_issues" time="0.405" /></testsuite></testsuites>