<?xml version="1.0" encoding="utf-8"?><testsuites name="pytest tests"><testsuite name="pytest" errors="0" failures="0" skipped="0" tests="26" time="9.344" timestamp="2026-03-30T20:42:58.527523+00:00" hostname="agent-env-b35ea02a-2384-42a6-89b7-7c14ee4b218f"><testcase classname="tests.test_extracted_routes.TestAuth" name="test_login_success" time="0.389" /><testcase classname="tests.test_extracted_routes.TestNotificationRoutes" name="test_get_notifications" time="0.462" /><testcase classname="tests.test_extracted_routes.TestNotificationRoutes" name="test_get_unread_count" time="0.164" /><testcase classname="tests.test_extracted_routes.TestNotificationRoutes" name="test_send_notification" time="3.081" /><testcase classname="tests.test_extracted_routes.TestNotificationRoutes" name="test_get_notification_preferences" time="0.170" /><testcase classname="tests.test_extracted_routes.TestNotificationRoutes" name="test_mark_all_read" time="0.129" /><testcase classname="tests.test_extracted_routes.TestTrainingRoutes" name="test_get_training_summary" time="0.482" /><testcase classname="tests.test_extracted_routes.TestTrainingRoutes" name="test_get_blister_checks" time="0.129" /><testcase classname="tests.test_extracted_routes.TestTrainingRoutes" name="test_create_blister_check" time="0.235" /><testcase classname="tests.test_extracted_routes.TestTrainingRoutes" name="test_get_counseling_logs" time="0.120" /><testcase classname="tests.test_extracted_routes.TestTrainingRoutes" name="test_get_cadre_issues" time="0.116" /><testcase classname="tests.test_extracted_routes.TestCheckInRoutes" name="test_get_check_in_roster" time="0.477" /><testcase classname="tests.test_extracted_routes.TestCheckInRoutes" name="test_get_check_in_summary" time="0.114" /><testcase classname="tests.test_extracted_routes.TestCheckInRoutes" name="test_check_in_step_with_participant" time="0.243" /><testcase classname="tests.test_extracted_routes.TestBarracksRoutes" name="test_get_barracks" time="0.451" /><testcase classname="tests.test_extracted_routes.TestBarracksRoutes" name="test_get_barracks_detail" time="0.126" /><testcase classname="tests.test_extracted_routes.TestBarracksRoutes" name="test_get_unassigned_participants" time="0.134" /><testcase classname="tests.test_extracted_routes.TestBarracksRoutes" name="test_get_facility_buildings" time="0.151" /><testcase classname="tests.test_extracted_routes.TestScheduleChangesRoutes" name="test_get_schedule_changes" time="0.483" /><testcase classname="tests.test_extracted_routes.TestScheduleChangesRoutes" name="test_get_pending_count" time="0.133" /><testcase classname="tests.test_extracted_routes.TestScheduleChangesRoutes" name="test_submit_schedule_change" time="0.127" /><testcase classname="tests.test_extracted_routes.TestHealthAlertsRoutes" name="test_get_health_alerts" time="0.483" /><testcase classname="tests.test_extracted_routes.TestHealthAlertsRoutes" name="test_update_health_alerts" time="0.120" /><testcase classname="tests.test_extracted_routes.TestDashboardAndCore" name="test_get_dashboard_stats" time="0.485" /><testcase classname="tests.test_extracted_routes.TestDashboardAndCore" name="test_get_dashboard_quickview" time="0.125" /><testcase classname="tests.test_extracted_routes.TestDashboardAndCore" name="test_get_auth_me" time="0.116" /></testsuite></testsuites>