<?xml version="1.0" encoding="utf-8"?><testsuites name="pytest tests"><testsuite name="pytest" errors="0" failures="0" skipped="0" tests="16" time="7.931" timestamp="2026-03-27T22:50:16.115097+00:00" hostname="agent-env-689d916c-05a6-48ce-8c4a-e77f091afe2b"><testcase classname="backend.tests.test_flight_reassignment.TestFlightReassignmentAPI" name="test_alpha_flight_maps_to_6th_cts" time="0.683" /><testcase classname="backend.tests.test_flight_reassignment.TestFlightReassignmentAPI" name="test_bravo_flight_maps_to_6th_cts" time="0.515" /><testcase classname="backend.tests.test_flight_reassignment.TestFlightReassignmentAPI" name="test_charlie_flight_maps_to_21st_cts" time="0.475" /><testcase classname="backend.tests.test_flight_reassignment.TestFlightReassignmentAPI" name="test_delta_flight_maps_to_21st_cts" time="0.487" /><testcase classname="backend.tests.test_flight_reassignment.TestFlightReassignmentAPI" name="test_echo_flight_maps_to_22nd_cts" time="0.468" /><testcase classname="backend.tests.test_flight_reassignment.TestFlightReassignmentAPI" name="test_foxtrot_flight_maps_to_22nd_cts" time="0.457" /><testcase classname="backend.tests.test_flight_reassignment.TestFlightReassignmentAPI" name="test_can_move_student_to_flight" time="0.515" /><testcase classname="backend.tests.test_flight_reassignment.TestFlightReassignmentAPI" name="test_can_move_cadre_to_flight" time="0.480" /><testcase classname="backend.tests.test_flight_reassignment.TestFlightReassignmentAPI" name="test_staff_participant_exists" time="0.411" /><testcase classname="backend.tests.test_flight_reassignment.TestFlightReassignmentAPI" name="test_invalid_flight_rejected" time="0.539" /><testcase classname="backend.tests.test_flight_reassignment.TestFlightReassignmentAPI" name="test_empty_flight_allowed" time="0.478" /><testcase classname="backend.tests.test_flight_reassignment.TestFlightReassignmentAPI" name="test_unauthenticated_request_rejected" time="0.565" /><testcase classname="backend.tests.test_flight_reassignment.TestFlightReassignmentAPI" name="test_nonexistent_participant_returns_404" time="0.382" /><testcase classname="backend.tests.test_flight_reassignment.TestFlightReassignmentAPI" name="test_assignment_persists_after_update" time="0.561" /><testcase classname="backend.tests.test_flight_reassignment.TestParticipantCounts" name="test_participant_counts_by_type" time="0.412" /><testcase classname="backend.tests.test_flight_reassignment.TestParticipantCounts" name="test_manageable_participants_for_flight_manager" time="0.422" /></testsuite></testsuites>