<?xml version="1.0" encoding="utf-8"?><testsuites name="pytest tests"><testsuite name="pytest" errors="0" failures="0" skipped="0" tests="12" time="0.625" timestamp="2026-05-29T19:07:31.002791+00:00" hostname="agent-env-291acb8d-be6f-4dcc-8e6d-0c610650aa2a"><testcase classname="backend.tests.test_schedule_grid_parser" name="test_detect_grid_header_cast_layout" time="0.000" /><testcase classname="backend.tests.test_schedule_grid_parser" name="test_detect_grid_header_returns_none_for_flat_table" time="0.000" /><testcase classname="backend.tests.test_schedule_grid_parser" name="test_classify_grid_header_cell" time="0.000" /><testcase classname="backend.tests.test_schedule_grid_parser" name="test_parse_grid_header_two_blocks" time="0.000" /><testcase classname="backend.tests.test_schedule_grid_parser" name="test_extract_grid_date_with_month_day_ordinal" time="0.000" /><testcase classname="backend.tests.test_schedule_grid_parser" name="test_extract_grid_date_with_year_in_title" time="0.000" /><testcase classname="backend.tests.test_schedule_grid_parser" name="test_extract_grid_date_returns_none_when_no_month" time="0.000" /><testcase classname="backend.tests.test_schedule_grid_parser" name="test_extract_footer_year_from_last_updated_row" time="0.000" /><testcase classname="backend.tests.test_schedule_grid_parser" name="test_grid_emits_merged_event_when_only_first_col_filled" time="0.000" /><testcase classname="backend.tests.test_schedule_grid_parser" name="test_grid_emits_per_squadron_events_when_cells_differ" time="0.000" /><testcase classname="backend.tests.test_schedule_grid_parser" name="test_grid_merges_contiguous_rows_with_same_title" time="0.000" /><testcase classname="backend.tests.test_schedule_grid_parser" name="test_grid_stops_at_footer_row" time="0.000" /></testsuite></testsuites>