<?xml version="1.0" encoding="utf-8"?><testsuites name="pytest tests"><testsuite name="pytest" errors="0" failures="0" skipped="0" tests="9" time="4.100" timestamp="2026-03-10T18:31:37.158752+00:00" hostname="agent-env-19f0abe6-da06-42c1-9f35-bb5d682d7459"><testcase classname="tests.test_health_services.TestHealthServicesLogin" name="test_login_commander" time="0.391" /><testcase classname="tests.test_health_services.TestHealthImportSummary" name="test_get_import_summary" time="0.504" /><testcase classname="tests.test_health_services.TestCadetAllergies" name="test_get_cadet_allergies_for_benson" time="0.462" /><testcase classname="tests.test_health_services.TestCadetAllergies" name="test_get_cadet_allergies_for_nonexistent" time="0.468" /><testcase classname="tests.test_health_services.TestCadetOTCApprovals" name="test_get_cadet_otc_approvals_for_breslin" time="0.486" /><testcase classname="tests.test_health_services.TestCadetOTCApprovals" name="test_get_cadet_otc_approvals_for_nonexistent" time="0.488" /><testcase classname="tests.test_health_services.TestHealthDashboard" name="test_get_dashboard_summary" time="0.535" /><testcase classname="tests.test_health_services.TestImportEndpoint" name="test_import_endpoint_requires_auth" time="0.202" /><testcase classname="tests.test_health_services.TestImportEndpoint" name="test_import_endpoint_rejects_non_excel" time="0.511" /></testsuite></testsuites>