<?xml version="1.0" encoding="utf-8"?><testsuites name="pytest tests"><testsuite name="pytest" errors="0" failures="0" skipped="0" tests="15" time="8.065" timestamp="2026-03-27T21:57:33.107683+00:00" hostname="agent-env-689d916c-05a6-48ce-8c4a-e77f091afe2b"><testcase classname="backend.tests.test_health_inline_crud.TestHealthInlineCRUD" name="test_get_cadet_allergies" time="0.497" /><testcase classname="backend.tests.test_health_inline_crud.TestHealthInlineCRUD" name="test_create_allergy_success" time="0.529" /><testcase classname="backend.tests.test_health_inline_crud.TestHealthInlineCRUD" name="test_create_allergy_minimal_data" time="0.483" /><testcase classname="backend.tests.test_health_inline_crud.TestHealthInlineCRUD" name="test_update_allergy_success" time="0.684" /><testcase classname="backend.tests.test_health_inline_crud.TestHealthInlineCRUD" name="test_update_allergy_not_found" time="0.448" /><testcase classname="backend.tests.test_health_inline_crud.TestHealthInlineCRUD" name="test_delete_allergy_success" time="0.569" /><testcase classname="backend.tests.test_health_inline_crud.TestHealthInlineCRUD" name="test_delete_allergy_not_found" time="0.435" /><testcase classname="backend.tests.test_health_inline_crud.TestHealthInlineCRUD" name="test_get_otc_approvals" time="0.506" /><testcase classname="backend.tests.test_health_inline_crud.TestHealthInlineCRUD" name="test_update_otc_approvals_create" time="0.616" /><testcase classname="backend.tests.test_health_inline_crud.TestHealthInlineCRUD" name="test_update_otc_approvals_toggle" time="0.484" /><testcase classname="backend.tests.test_health_inline_crud.TestHealthInlineCRUD" name="test_allergy_crud_requires_health_full" time="0.617" /><testcase classname="backend.tests.test_health_inline_crud.TestHealthInlineCRUD" name="test_otc_update_requires_health_full" time="0.490" /><testcase classname="backend.tests.test_health_inline_crud.TestOrgChartRichText" name="test_get_org_chart_roles" time="0.428" /><testcase classname="backend.tests.test_health_inline_crud.TestOrgChartRichText" name="test_get_org_chart_role_detail" time="0.473" /><testcase classname="backend.tests.test_health_inline_crud.TestOrgChartRichText" name="test_update_role_with_rich_text_responsibilities" time="0.719" /></testsuite></testsuites>