<?xml version="1.0" encoding="utf-8"?><testsuites name="pytest tests"><testsuite name="pytest" errors="0" failures="0" skipped="0" tests="9" time="3.843" timestamp="2026-04-09T21:15:15.143858+00:00" hostname="agent-env-291acb8d-be6f-4dcc-8e6d-0c610650aa2a"><testcase classname="backend.tests.test_honor_agreement.TestHonorAgreementBackend" name="test_login_returns_honor_agreement_fields" time="0.472" /><testcase classname="backend.tests.test_honor_agreement.TestHonorAgreementBackend" name="test_auth_me_returns_honor_agreement_fields" time="0.379" /><testcase classname="backend.tests.test_honor_agreement.TestHonorAgreementBackend" name="test_sign_honor_agreement_requires_signature_name" time="0.549" /><testcase classname="backend.tests.test_honor_agreement.TestHonorAgreementBackend" name="test_sign_honor_agreement_cadre_user" time="0.488" /><testcase classname="backend.tests.test_honor_agreement.TestHonorAgreementBackend" name="test_sign_honor_agreement_commander_user" time="0.426" /><testcase classname="backend.tests.test_honor_agreement.TestHonorAgreementBackend" name="test_send_reminders_requires_admin_role" time="0.379" /><testcase classname="backend.tests.test_honor_agreement.TestHonorAgreementBackend" name="test_send_reminders_as_commander" time="0.383" /><testcase classname="backend.tests.test_honor_agreement.TestHonorAgreementRoleMapping" name="test_cadre_roles_get_cadre_agreement" time="0.336" /><testcase classname="backend.tests.test_honor_agreement.TestHonorAgreementRoleMapping" name="test_staff_roles_get_staff_agreement" time="0.366" /></testsuite></testsuites>