<?xml version="1.0" encoding="utf-8"?><testsuites name="pytest tests"><testsuite name="pytest" errors="0" failures="0" skipped="0" tests="10" time="2.953" timestamp="2026-05-06T19:17:13.234876+00:00" hostname="agent-env-291acb8d-be6f-4dcc-8e6d-0c610650aa2a"><testcase classname="backend.tests.test_import_preview_apply.TestImportPreviewConflict" name="test_preview_detects_name_conflict" time="0.859" /><testcase classname="backend.tests.test_import_preview_apply.TestImportPreviewConflict" name="test_apply_resolves_to_chosen_participant" time="0.393" /><testcase classname="backend.tests.test_import_preview_apply.TestImportPreviewConflict" name="test_apply_create_action_forces_new_participant" time="0.310" /><testcase classname="backend.tests.test_import_preview_apply.TestImportPreviewConflict" name="test_apply_skip_action" time="0.159" /><testcase classname="backend.tests.test_import_preview_apply.TestCapidFloatNormalization" name="test_capid_read_as_float_still_matches" time="0.144" /><testcase classname="backend.tests.test_import_preview_apply.TestDiffFields" name="test_diff_only_non_blank" time="0.078" /><testcase classname="backend.tests.test_import_preview_apply.TestBackwardsCompat" name="test_auto_apply_still_works" time="0.223" /><testcase classname="backend.tests.test_import_preview_apply.TestAuthGuard" name="test_preview_requires_auth" time="0.163" /><testcase classname="backend.tests.test_import_preview_apply.TestAuthGuard" name="test_apply_requires_auth" time="0.134" /><testcase classname="backend.tests.test_import_preview_apply.TestAuthGuard" name="test_apply_unknown_staging_404" time="0.200" /></testsuite></testsuites>