<?xml version="1.0" encoding="utf-8"?><testsuites name="pytest tests"><testsuite name="pytest" errors="0" failures="0" skipped="0" tests="18" time="9.690" timestamp="2026-06-02T00:31:02.494888+00:00" hostname="agent-env-291acb8d-be6f-4dcc-8e6d-0c610650aa2a"><testcase classname="tests.test_inspections.TestInspectionTypes" name="test_types_metadata" time="1.039" /><testcase classname="tests.test_inspections.TestSettings" name="test_get_settings_auto_create" time="0.108" /><testcase classname="tests.test_inspections.TestSettings" name="test_put_settings_validation" time="0.258" /><testcase classname="tests.test_inspections.TestScoresPerCadet" name="test_put_knowledge_with_absent" time="0.225" /><testcase classname="tests.test_inspections.TestScoresPerCadet" name="test_idempotent_replace" time="0.413" /><testcase classname="tests.test_inspections.TestScoresFlightLevel" name="test_drill_flight_level" time="0.226" /><testcase classname="tests.test_inspections.TestScoresFlightLevel" name="test_delete_scores" time="0.437" /><testcase classname="tests.test_inspections.TestMeritPoints" name="test_put_and_list" time="0.233" /><testcase classname="tests.test_inspections.TestDashboard" name="test_dashboard_aggregation" time="1.374" /><testcase classname="tests.test_inspections.TestDashboard" name="test_dashboard_merit_on_adds_to_ctf_points" time="0.373" /><testcase classname="tests.test_inspections.TestStudent" name="test_student_summary" time="0.099" /><testcase classname="tests.test_inspections.TestStudent" name="test_student_empty" time="0.113" /><testcase classname="tests.test_inspections.TestRBAC" name="test_regular_cadre_denied" time="0.800" /><testcase classname="tests.test_inspections.TestRBAC" name="test_exec_cadre_authorized" time="0.368" /><testcase classname="tests.test_inspections.TestRBAC" name="test_commander_authorized" time="0.140" /><testcase classname="tests.test_inspections.TestRBAC" name="test_role_list_contains_required_roles" time="0.296" /><testcase classname="tests.test_inspections.TestLegacyPointsRemoved" name="test_points_endpoints_404" time="0.331" /><testcase classname="tests.test_inspections.TestParentMyCadetPoints" name="test_parent_my_cadet_points_no_500" time="2.801" /></testsuite></testsuites>