<?xml version="1.0" encoding="utf-8"?><testsuites name="pytest tests"><testsuite name="pytest" errors="0" failures="0" skipped="0" tests="15" time="8.819" timestamp="2026-02-21T19:27:43.299048+00:00" hostname="agent-env-ee200912-8c4f-4f4b-a774-bdb29b20efed"><testcase classname="backend.tests.test_unit_assignment_features.TestUserUnitAssignment" name="test_get_users_returns_squadron_and_flight" time="0.513" /><testcase classname="backend.tests.test_unit_assignment_features.TestUserUnitAssignment" name="test_assign_squadron_and_flight_to_user" time="0.628" /><testcase classname="backend.tests.test_unit_assignment_features.TestUserUnitAssignment" name="test_assign_staff_squadron_no_flight" time="0.556" /><testcase classname="backend.tests.test_unit_assignment_features.TestUserUnitAssignment" name="test_invalid_flight_squadron_combination_rejected" time="0.571" /><testcase classname="backend.tests.test_unit_assignment_features.TestUserUnitAssignment" name="test_clear_unit_assignment" time="0.715" /><testcase classname="backend.tests.test_unit_assignment_features.TestScheduleSettings" name="test_get_schedule_settings_returns_version" time="0.420" /><testcase classname="backend.tests.test_unit_assignment_features.TestScheduleSettings" name="test_version_is_integer" time="0.450" /><testcase classname="backend.tests.test_unit_assignment_features.TestEventTargetGroups" name="test_create_event_with_target_groups" time="0.585" /><testcase classname="backend.tests.test_unit_assignment_features.TestEventTargetGroups" name="test_create_event_with_multiple_target_groups" time="0.579" /><testcase classname="backend.tests.test_unit_assignment_features.TestEventTargetGroups" name="test_create_event_with_all_target" time="0.577" /><testcase classname="backend.tests.test_unit_assignment_features.TestEventTargetGroups" name="test_create_event_with_staff_only" time="0.585" /><testcase classname="backend.tests.test_unit_assignment_features.TestScheduleFiltering" name="test_schedule_returns_events_with_target_groups" time="0.454" /><testcase classname="backend.tests.test_unit_assignment_features.TestValidSquadronFlightCombinations" name="test_sq1_alpha_valid" time="0.618" /><testcase classname="backend.tests.test_unit_assignment_features.TestValidSquadronFlightCombinations" name="test_sq2_charlie_valid" time="0.794" /><testcase classname="backend.tests.test_unit_assignment_features.TestValidSquadronFlightCombinations" name="test_sq3_echo_valid" time="0.717" /></testsuite></testsuites>