<?xml version="1.0" encoding="utf-8"?><testsuites name="pytest tests"><testsuite name="pytest" errors="0" failures="0" skipped="0" tests="18" time="2.658" timestamp="2026-04-14T20:58:09.252204+00:00" hostname="agent-env-291acb8d-be6f-4dcc-8e6d-0c610650aa2a"><testcase classname="tests.test_new_features_iteration62.TestMedDiary" name="test_get_all_med_diary_empty_or_existing" time="0.502" /><testcase classname="tests.test_new_features_iteration62.TestMedDiary" name="test_get_med_diary_with_date_filter" time="0.051" /><testcase classname="tests.test_new_features_iteration62.TestMedDiary" name="test_create_med_diary_entry" time="0.156" /><testcase classname="tests.test_new_features_iteration62.TestMedDiary" name="test_get_cadet_med_diary" time="0.067" /><testcase classname="tests.test_new_features_iteration62.TestMedDiary" name="test_delete_med_diary_entry" time="0.180" /><testcase classname="tests.test_new_features_iteration62.TestMedDiary" name="test_parent_can_view_med_diary" time="0.429" /><testcase classname="tests.test_new_features_iteration62.TestSupplements" name="test_get_cadet_supplements_empty_or_existing" time="0.051" /><testcase classname="tests.test_new_features_iteration62.TestSupplements" name="test_create_supplement" time="0.068" /><testcase classname="tests.test_new_features_iteration62.TestSupplements" name="test_delete_supplement" time="0.173" /><testcase classname="tests.test_new_features_iteration62.TestContraband" name="test_get_participant_contraband_empty_or_existing" time="0.062" /><testcase classname="tests.test_new_features_iteration62.TestContraband" name="test_create_contraband" time="0.056" /><testcase classname="tests.test_new_features_iteration62.TestContraband" name="test_return_contraband" time="0.113" /><testcase classname="tests.test_new_features_iteration62.TestContraband" name="test_get_all_contraband_logistics_view" time="0.053" /><testcase classname="tests.test_new_features_iteration62.TestContraband" name="test_get_contraband_filtered_by_returned_status" time="0.055" /><testcase classname="tests.test_new_features_iteration62.TestContraband" name="test_delete_contraband" time="0.174" /><testcase classname="tests.test_new_features_iteration62.TestCleanup" name="test_cleanup_test_med_diary_entries" time="0.120" /><testcase classname="tests.test_new_features_iteration62.TestCleanup" name="test_cleanup_test_supplements" time="0.108" /><testcase classname="tests.test_new_features_iteration62.TestCleanup" name="test_cleanup_test_contraband" time="0.156" /></testsuite></testsuites>