<?xml version="1.0" encoding="utf-8"?><testsuites name="pytest tests"><testsuite name="pytest" errors="0" failures="0" skipped="0" tests="13" time="3.220" timestamp="2026-02-21T20:51:44.987336+00:00" hostname="agent-env-a763deab-8ac8-4ed2-a4ec-02d52ea37807"><testcase classname="backend.tests.test_live_budget_tracking.TestQuickUpdateActualAPI" name="test_quick_update_actual_value" time="0.836" /><testcase classname="backend.tests.test_live_budget_tracking.TestQuickUpdateActualAPI" name="test_quick_update_actual_with_status" time="0.277" /><testcase classname="backend.tests.test_live_budget_tracking.TestQuickUpdateActualAPI" name="test_quick_update_preserves_other_fields" time="0.214" /><testcase classname="backend.tests.test_live_budget_tracking.TestQuickUpdateActualAPI" name="test_quick_update_nonexistent_item" time="0.110" /><testcase classname="backend.tests.test_live_budget_tracking.TestMarkAsPaidAPI" name="test_mark_as_paid_sets_status" time="0.224" /><testcase classname="backend.tests.test_live_budget_tracking.TestMarkAsPaidAPI" name="test_mark_as_paid_sets_payment_date" time="0.312" /><testcase classname="backend.tests.test_live_budget_tracking.TestMarkAsPaidAPI" name="test_mark_as_paid_sets_actual_to_estimated_if_zero" time="0.222" /><testcase classname="backend.tests.test_live_budget_tracking.TestMarkAsPaidAPI" name="test_mark_as_paid_preserves_existing_actual" time="0.265" /><testcase classname="backend.tests.test_live_budget_tracking.TestMarkAsPaidAPI" name="test_mark_as_paid_nonexistent_item" time="0.111" /><testcase classname="backend.tests.test_live_budget_tracking.TestPaymentStatusFiltering" name="test_get_budget_includes_payment_status" time="0.159" /><testcase classname="backend.tests.test_live_budget_tracking.TestBudgetSummaryWithVariance" name="test_budget_summary_returns_variance" time="0.116" /><testcase classname="backend.tests.test_live_budget_tracking.TestAccessControlForNewEndpoints" name="test_quick_update_requires_auth" time="0.131" /><testcase classname="backend.tests.test_live_budget_tracking.TestAccessControlForNewEndpoints" name="test_mark_paid_requires_auth" time="0.127" /></testsuite></testsuites>