<?xml version="1.0" encoding="utf-8"?><testsuites name="pytest tests"><testsuite name="pytest" errors="0" failures="0" skipped="0" tests="20" time="14.976" timestamp="2026-03-10T22:55:49.940990+00:00" hostname="agent-env-f20c2237-5f45-437e-a721-2283b76a938a"><testcase classname="backend.tests.test_logistics.TestLogisticsLogin" name="test_commander_login_normal" time="0.574" /><testcase classname="backend.tests.test_logistics.TestLogisticsLogin" name="test_commander_login_uppercase_email" time="0.395" /><testcase classname="backend.tests.test_logistics.TestLogisticsLogin" name="test_alt_commander_login" time="0.376" /><testcase classname="backend.tests.test_logistics.TestLogisticsLogin" name="test_invalid_credentials_rejected" time="0.159" /><testcase classname="backend.tests.test_logistics.TestLogisticsDashboard" name="test_dashboard_loads" time="0.560" /><testcase classname="backend.tests.test_logistics.TestInventory" name="test_create_inventory_item" time="0.921" /><testcase classname="backend.tests.test_logistics.TestInventory" name="test_update_inventory_item" time="0.755" /><testcase classname="backend.tests.test_logistics.TestInventory" name="test_delete_inventory_item" time="0.683" /><testcase classname="backend.tests.test_logistics.TestLostAndFound" name="test_create_lost_found_item" time="0.658" /><testcase classname="backend.tests.test_logistics.TestLostAndFound" name="test_update_lost_found_status" time="0.682" /><testcase classname="backend.tests.test_logistics.TestRadios" name="test_checkout_and_checkin_radio" time="0.988" /><testcase classname="backend.tests.test_logistics.TestCommsLog" name="test_create_comms_entry" time="0.662" /><testcase classname="backend.tests.test_logistics.TestCallSigns" name="test_create_and_edit_callsign" time="0.806" /><testcase classname="backend.tests.test_logistics.TestVehicles" name="test_assign_and_return_vehicle" time="0.821" /><testcase classname="backend.tests.test_logistics.TestVehicleLog" name="test_create_trip_log" time="0.648" /><testcase classname="backend.tests.test_logistics.TestFacilities" name="test_create_facility_entry" time="0.693" /><testcase classname="backend.tests.test_logistics.TestFacilities" name="test_update_facility_status" time="0.673" /><testcase classname="backend.tests.test_logistics.TestSupplyRequests" name="test_full_supply_request_workflow" time="1.093" /><testcase classname="backend.tests.test_logistics.TestTabNavigation" name="test_all_tabs_load" time="1.813" /><testcase classname="backend.tests.test_logistics.TestDashboardStatsUpdate" name="test_dashboard_stats_reflect_changes" time="0.913" /></testsuite></testsuites>