<?xml version="1.0" encoding="utf-8"?><testsuites name="pytest tests"><testsuite name="pytest" errors="0" failures="0" skipped="0" tests="15" time="5.490" timestamp="2026-03-13T21:10:59.360035+00:00" hostname="agent-env-bb0effc8-fa25-4480-9918-1f57aa6536f2"><testcase classname="backend.tests.test_meal_plan_budget.TestAuth" name="test_login_success" time="0.476" /><testcase classname="backend.tests.test_meal_plan_budget.TestMealPlanAPI" name="test_get_meal_plans" time="0.456" /><testcase classname="backend.tests.test_meal_plan_budget.TestMealPlanAPI" name="test_create_meal_plan" time="0.123" /><testcase classname="backend.tests.test_meal_plan_budget.TestMealPlanAPI" name="test_create_and_update_meal_plan" time="0.291" /><testcase classname="backend.tests.test_meal_plan_budget.TestMealPlanAPI" name="test_create_and_delete_meal_plan" time="0.516" /><testcase classname="backend.tests.test_meal_plan_budget.TestMealPlanAPI" name="test_delete_nonexistent_returns_404" time="0.118" /><testcase classname="backend.tests.test_meal_plan_budget.TestBudgetAPI" name="test_get_budget_items" time="0.487" /><testcase classname="backend.tests.test_meal_plan_budget.TestBudgetAPI" name="test_get_budget_summary" time="0.138" /><testcase classname="backend.tests.test_meal_plan_budget.TestBudgetAPI" name="test_create_budget_item" time="0.142" /><testcase classname="backend.tests.test_meal_plan_budget.TestBudgetAPI" name="test_update_budget_item" time="0.265" /><testcase classname="backend.tests.test_meal_plan_budget.TestBudgetAPI" name="test_delete_budget_item" time="0.257" /><testcase classname="backend.tests.test_meal_plan_budget.TestDiningFacilityRole" name="test_user_role_can_be_set_to_dining_facility" time="0.489" /><testcase classname="backend.tests.test_meal_plan_budget.TestDiningFacilityRole" name="test_dining_facility_role_permissions" time="0.173" /><testcase classname="backend.tests.test_meal_plan_budget.TestCleanup" name="test_cleanup_test_meal_plans" time="0.773" /><testcase classname="backend.tests.test_meal_plan_budget.TestCleanup" name="test_cleanup_test_budget_items" time="0.717" /></testsuite></testsuites>