<?xml version="1.0" encoding="utf-8"?><testsuites name="pytest tests"><testsuite name="pytest" errors="0" failures="0" skipped="0" tests="14" time="7.294" timestamp="2026-03-26T19:55:00.050636+00:00" hostname="agent-env-d405cba9-a404-4e72-b2ab-7adb0359dd9a"><testcase classname="backend.tests.test_medical_roster.TestMedicalRosterAuth" name="test_login_commander" time="0.456" /><testcase classname="backend.tests.test_medical_roster.TestMedicalRosterAuth" name="test_medical_roster_requires_auth" time="0.108" /><testcase classname="backend.tests.test_medical_roster.TestMedicalRosterEndpoint" name="test_get_medical_roster_returns_array" time="0.521" /><testcase classname="backend.tests.test_medical_roster.TestMedicalRosterEndpoint" name="test_medical_roster_returns_expected_count" time="0.494" /><testcase classname="backend.tests.test_medical_roster.TestMedicalRosterEndpoint" name="test_medical_roster_cadet_structure" time="0.477" /><testcase classname="backend.tests.test_medical_roster.TestMedicalRosterEndpoint" name="test_medical_roster_allergy_stats" time="0.633" /><testcase classname="backend.tests.test_medical_roster.TestMedicalRosterEndpoint" name="test_medical_roster_otc_stats" time="0.513" /><testcase classname="backend.tests.test_medical_roster.TestMedicalRosterEndpoint" name="test_medical_roster_critical_flags" time="0.473" /><testcase classname="backend.tests.test_medical_roster.TestCadetFullProfile" name="test_get_full_profile_returns_data" time="0.698" /><testcase classname="backend.tests.test_medical_roster.TestCadetFullProfile" name="test_full_profile_structure" time="0.595" /><testcase classname="backend.tests.test_medical_roster.TestCadetFullProfile" name="test_full_profile_allergy_details" time="0.615" /><testcase classname="backend.tests.test_medical_roster.TestCadetFullProfile" name="test_full_profile_otc_details" time="0.673" /><testcase classname="backend.tests.test_medical_roster.TestCadetFullProfile" name="test_full_profile_not_found" time="0.505" /><testcase classname="backend.tests.test_medical_roster.TestMedicalRosterFiltering" name="test_roster_sorted_by_critical_flags" time="0.461" /></testsuite></testsuites>