<?xml version="1.0" encoding="utf-8"?><testsuites name="pytest tests"><testsuite name="pytest" errors="0" failures="1" skipped="0" tests="25" time="13.612" timestamp="2026-02-24T18:50:26.164231+00:00" hostname="agent-env-74d197b4-22a5-4312-8352-ba42f9a70af5"><testcase classname="backend.tests.test_my_flight.TestMyFlightAPIs" name="test_my_flight_endpoint_returns_200" time="0.496" /><testcase classname="backend.tests.test_my_flight.TestMyFlightAPIs" name="test_my_flight_response_structure" time="0.450" /><testcase classname="backend.tests.test_my_flight.TestMyFlightAPIs" name="test_commander_has_full_access" time="0.584" /><testcase classname="backend.tests.test_my_flight.TestMyFlightAPIs" name="test_my_flight_accessible_squadrons" time="0.422" /><testcase classname="backend.tests.test_my_flight.TestMyFlightAPIs" name="test_flight_roster_alpha" time="0.531" /><testcase classname="backend.tests.test_my_flight.TestMyFlightAPIs" name="test_flight_roster_response_structure" time="0.408" /><testcase classname="backend.tests.test_my_flight.TestMyFlightAPIs" name="test_flight_roster_member_structure" time="0.418" /><testcase classname="backend.tests.test_my_flight.TestMyFlightAPIs" name="test_all_flights_roster" time="0.834" /><testcase classname="backend.tests.test_my_flight.TestMyFlightAPIs" name="test_squadron_roster_sq1" time="0.429" /><testcase classname="backend.tests.test_my_flight.TestMyFlightAPIs" name="test_squadron_roster_response_structure" time="0.505" /><testcase classname="backend.tests.test_my_flight.TestMyFlightAPIs" name="test_squadron_roster_invalid_squadron" time="0.452" /><testcase classname="backend.tests.test_my_flight.TestMyFlightAPIs" name="test_all_squadrons_roster" time="0.574" /><testcase classname="backend.tests.test_my_flight.TestMyFlightAPIs" name="test_documents_by_flight_alpha" time="0.422" /><testcase classname="backend.tests.test_my_flight.TestMyFlightAPIs" name="test_documents_by_flight_response_structure" time="0.415" /><testcase classname="backend.tests.test_my_flight.TestMyFlightAPIs" name="test_documents_by_flight_categorization" time="0.408" /><testcase classname="backend.tests.test_my_flight.TestMyFlightAPIs" name="test_all_flights_documents" time="0.891" /><testcase classname="backend.tests.test_my_flight.TestMyFlightAPIs" name="test_documents_by_squadron" time="0.443" /><testcase classname="backend.tests.test_my_flight.TestMyFlightAPIs" name="test_documents_by_squadron_structure" time="0.690" /><testcase classname="backend.tests.test_my_flight.TestMyFlightAPIs" name="test_create_document_tlp" time="0.693" /><testcase classname="backend.tests.test_my_flight.TestMyFlightAPIs" name="test_create_document_flight_scoped" time="0.612" /><testcase classname="backend.tests.test_my_flight.TestMyFlightAPIs" name="test_create_document_squadron_scoped" time="0.606" /><testcase classname="backend.tests.test_my_flight.TestMyFlightAPIs" name="test_document_delete" time="0.631" /><testcase classname="backend.tests.test_my_flight.TestMyFlightAPIs" name="test_document_categories" time="0.604"><failure message="AssertionError: assert 'value' in 'tlp'">backend/tests/test_my_flight.py:398: in test_document_categories
    assert "value" in cat
E   AssertionError: assert 'value' in 'tlp'</failure></testcase><testcase classname="backend.tests.test_my_flight.TestMyFlightAPIs" name="test_get_flights_list" time="0.422" /><testcase classname="backend.tests.test_my_flight.TestMyFlightAPIs" name="test_get_squadrons_list" time="0.431" /></testsuite></testsuites>