<?xml version="1.0" encoding="utf-8"?><testsuites name="pytest tests"><testsuite name="pytest" errors="0" failures="0" skipped="0" tests="18" time="2.454" timestamp="2026-04-14T20:14:20.662774+00:00" hostname="agent-env-291acb8d-be6f-4dcc-8e6d-0c610650aa2a"><testcase classname="tests.test_orgchart_v3.TestOrgChartBasics" name="test_get_all_roles_returns_85_positions" time="0.543" /><testcase classname="tests.test_orgchart_v3.TestOrgChartBasics" name="test_all_roles_have_required_fields" time="0.083" /><testcase classname="tests.test_orgchart_v3.TestSquadronTrainingOfficersUnderCTO" name="test_6th_cts_to_reports_to_cto" time="0.064" /><testcase classname="tests.test_orgchart_v3.TestSquadronTrainingOfficersUnderCTO" name="test_21st_cts_to_reports_to_cto" time="0.053" /><testcase classname="tests.test_orgchart_v3.TestSquadronTrainingOfficersUnderCTO" name="test_22nd_cts_to_reports_to_cto" time="0.054" /><testcase classname="tests.test_orgchart_v3.TestSquadronTrainingOfficersUnderCTO" name="test_cto_has_10_children_including_3_tos" time="0.052" /><testcase classname="tests.test_orgchart_v3.TestSquadronTrainingOfficersUnderCTO" name="test_6th_sq_cmdr_does_not_have_to_as_child" time="0.052" /><testcase classname="tests.test_orgchart_v3.TestSecondaryReportingToCTGDF" name="test_all_3_squadron_commanders_have_secondary_to_ctgdf" time="0.150" /><testcase classname="tests.test_orgchart_v3.TestSecondaryReportingToCTGDF" name="test_all_6_flight_commanders_have_secondary_to_ctgdf" time="0.296" /><testcase classname="tests.test_orgchart_v3.TestSecondaryReportingToCTGDF" name="test_all_6_flight_sergeants_have_secondary_to_ctgdf" time="0.306" /><testcase classname="tests.test_orgchart_v3.TestSecondaryReportingToCTGDF" name="test_all_3_first_sergeants_have_secondary_to_ctgdf" time="0.151" /><testcase classname="tests.test_orgchart_v3.TestSecondaryReportingToCTGDF" name="test_css_cc_still_has_secondary_to_ctgdf" time="0.050" /><testcase classname="tests.test_orgchart_v3.TestFiveCategoryColorScheme" name="test_all_5_categories_present" time="0.091" /><testcase classname="tests.test_orgchart_v3.TestFiveCategoryColorScheme" name="test_command_category_positions" time="0.103" /><testcase classname="tests.test_orgchart_v3.TestFiveCategoryColorScheme" name="test_squadron_category_positions" time="0.077" /><testcase classname="tests.test_orgchart_v3.TestFiveCategoryColorScheme" name="test_cadet_support_category_positions" time="0.077" /><testcase classname="tests.test_orgchart_v3.TestFiveCategoryColorScheme" name="test_support_category_positions" time="0.081" /><testcase classname="tests.test_orgchart_v3.TestCountSecondaryReporting" name="test_count_positions_with_secondary_reporting" time="0.084" /></testsuite></testsuites>