<?xml version="1.0" encoding="utf-8"?><testsuites name="pytest tests"><testsuite name="pytest" errors="0" failures="0" skipped="0" tests="17" time="5.730" timestamp="2026-06-01T23:32:07.149157+00:00" hostname="agent-env-291acb8d-be6f-4dcc-8e6d-0c610650aa2a"><testcase classname="backend.tests.test_orgchart_phase1_2.TestOrgChartTemplate" name="test_template_returns_79_positions_with_6_categories" time="0.502" /><testcase classname="backend.tests.test_orgchart_phase1_2.TestOrgChartTemplate" name="test_pa_lives_under_dcs_not_ccea" time="0.100" /><testcase classname="backend.tests.test_orgchart_phase1_2.TestOrgChartTemplate" name="test_first_sergeants_exist_not_superintendents" time="0.106" /><testcase classname="backend.tests.test_orgchart_phase1_2.TestOrgChartTemplate" name="test_all_flight_positions_canonical_ids" time="0.120" /><testcase classname="backend.tests.test_orgchart_phase1_2.TestOrgChartSeed" name="test_seed_preserve_mode_default" time="0.463" /><testcase classname="backend.tests.test_orgchart_phase1_2.TestOrgChartSeed" name="test_seed_reset_mode_destructive" time="0.300" /><testcase classname="backend.tests.test_orgchart_phase1_2.TestOrgChartSeed" name="test_seed_defaults_endpoint" time="0.137" /><testcase classname="backend.tests.test_orgchart_phase1_2.TestOrgChartSeed" name="test_roles_endpoint_returns_79_with_children" time="0.143" /><testcase classname="backend.tests.test_orgchart_phase1_2.TestLiveSync" name="test_unit_assignment_sets_flight_sergeant" time="0.994" /><testcase classname="backend.tests.test_orgchart_phase1_2.TestLiveSync" name="test_unit_change_moves_assignment" time="0.359" /><testcase classname="backend.tests.test_orgchart_phase1_2.TestLiveSync" name="test_role_promotion_to_squadron_commander" time="0.366" /><testcase classname="backend.tests.test_orgchart_phase1_2.TestLiveSync" name="test_role_demotion_falls_back_to_cadre_position" time="0.361" /><testcase classname="backend.tests.test_orgchart_phase1_2.TestResync" name="test_resync_from_users" time="0.147" /><testcase classname="backend.tests.test_orgchart_phase1_2.TestExecCadrePermissions" name="test_exec_cadre_can_promote_cadre_to_squadron_commander" time="0.556" /><testcase classname="backend.tests.test_orgchart_phase1_2.TestExecCadrePermissions" name="test_exec_cadre_cannot_grant_protected_role" time="0.559" /><testcase classname="backend.tests.test_orgchart_phase1_2.TestExecCadrePermissions" name="test_exec_cadre_cannot_edit_senior_staff_user" time="0.222" /><testcase classname="backend.tests.test_orgchart_phase1_2.TestRoleAuditLog" name="test_audit_log_endpoint_exists" time="0.215" /></testsuite></testsuites>