<?xml version="1.0" encoding="utf-8"?><testsuites name="pytest tests"><testsuite name="pytest" errors="0" failures="0" skipped="0" tests="18" time="8.114" timestamp="2026-04-14T15:13:29.245786+00:00" hostname="agent-env-291acb8d-be6f-4dcc-8e6d-0c610650aa2a"><testcase classname="backend.tests.test_orgchart.TestOrgChartAPI" name="test_get_all_roles_returns_86_positions" time="0.511" /><testcase classname="backend.tests.test_orgchart.TestOrgChartAPI" name="test_root_node_is_encampment_commander" time="0.431" /><testcase classname="backend.tests.test_orgchart.TestOrgChartAPI" name="test_root_has_12_direct_children" time="0.395" /><testcase classname="backend.tests.test_orgchart.TestOrgChartAPI" name="test_6th_squadron_commander_has_4_children" time="0.451" /><testcase classname="backend.tests.test_orgchart.TestOrgChartAPI" name="test_cadet_group_commander_has_5_children" time="0.419" /><testcase classname="backend.tests.test_orgchart.TestOrgChartAPI" name="test_schema_fields_correct" time="0.377" /><testcase classname="backend.tests.test_orgchart.TestOrgChartAPI" name="test_all_7_role_categories_present" time="0.476" /><testcase classname="backend.tests.test_orgchart.TestOrgChartAPI" name="test_get_single_role_not_found" time="0.402" /><testcase classname="backend.tests.test_orgchart.TestOrgChartAPI" name="test_update_role_position" time="0.553" /><testcase classname="backend.tests.test_orgchart.TestOrgChartAPI" name="test_create_and_delete_role" time="0.490" /><testcase classname="backend.tests.test_orgchart.TestOrgChartAPI" name="test_cannot_delete_role_with_subordinates" time="0.444" /><testcase classname="backend.tests.test_orgchart.TestOrgChartAPI" name="test_seed_endpoint_requires_auth" time="0.490" /><testcase classname="backend.tests.test_orgchart.TestOrgChartAPI" name="test_seed_defaults_endpoint_works" time="0.533" /><testcase classname="backend.tests.test_orgchart.TestOrgChartHierarchy" name="test_21st_squadron_structure" time="0.406" /><testcase classname="backend.tests.test_orgchart.TestOrgChartHierarchy" name="test_22nd_squadron_structure" time="0.398" /><testcase classname="backend.tests.test_orgchart.TestOrgChartHierarchy" name="test_16th_oss_structure" time="0.387" /><testcase classname="backend.tests.test_orgchart.TestOrgChartHierarchy" name="test_logistics_department_structure" time="0.403" /><testcase classname="backend.tests.test_orgchart.TestOrgChartHierarchy" name="test_flight_sergeant_reports_to_flight_commander" time="0.466" /></testsuite></testsuites>