<?xml version="1.0" encoding="utf-8"?><testsuites name="pytest tests"><testsuite name="pytest" errors="0" failures="0" skipped="0" tests="25" time="11.399" timestamp="2026-04-14T20:01:13.990385+00:00" hostname="agent-env-291acb8d-be6f-4dcc-8e6d-0c610650aa2a"><testcase classname="backend.tests.test_orgchart_v2.TestOrgChartV2API" name="test_get_all_roles_returns_85_positions" time="0.498" /><testcase classname="backend.tests.test_orgchart_v2.TestOrgChartV2API" name="test_root_node_is_encampment_commander" time="0.468" /><testcase classname="backend.tests.test_orgchart_v2.TestOrgChartV2API" name="test_encampment_commander_has_5_direct_reports" time="0.413" /><testcase classname="backend.tests.test_orgchart_v2.TestOrgChartV2API" name="test_commandant_has_ctg_cc_underneath" time="0.423" /><testcase classname="backend.tests.test_orgchart_v2.TestOrgChartV2API" name="test_ctg_cc_has_8_children" time="0.456" /><testcase classname="backend.tests.test_orgchart_v2.TestOrgChartV2API" name="test_dcs_has_5_children" time="0.387" /><testcase classname="backend.tests.test_orgchart_v2.TestOrgChartV2API" name="test_css_cc_has_secondary_reports_to" time="0.431" /><testcase classname="backend.tests.test_orgchart_v2.TestOrgChartV2API" name="test_schema_includes_secondary_reports_to" time="0.389" /><testcase classname="backend.tests.test_orgchart_v2.TestOrgChartV2API" name="test_4_role_categories_present" time="0.447" /><testcase classname="backend.tests.test_orgchart_v2.TestOrgChartV2API" name="test_no_ctg_cce_position_exists" time="0.439" /><testcase classname="backend.tests.test_orgchart_v2.TestOrgChartV2Hierarchy" name="test_6th_cts_structure" time="0.384" /><testcase classname="backend.tests.test_orgchart_v2.TestOrgChartV2Hierarchy" name="test_21st_cts_structure" time="0.439" /><testcase classname="backend.tests.test_orgchart_v2.TestOrgChartV2Hierarchy" name="test_22nd_cts_structure" time="0.431" /><testcase classname="backend.tests.test_orgchart_v2.TestOrgChartV2Hierarchy" name="test_ctg_ccea_has_public_affairs_and_dining" time="0.387" /><testcase classname="backend.tests.test_orgchart_v2.TestOrgChartV2Hierarchy" name="test_css_cc_has_7_children" time="0.449" /><testcase classname="backend.tests.test_orgchart_v2.TestOrgChartV2Hierarchy" name="test_cto_has_7_children" time="0.391" /><testcase classname="backend.tests.test_orgchart_v2.TestOrgChartV2Hierarchy" name="test_flight_sergeant_reports_to_flight_commander" time="0.503" /><testcase classname="backend.tests.test_orgchart_v2.TestOrgChartV2Categories" name="test_command_category_positions" time="0.440" /><testcase classname="backend.tests.test_orgchart_v2.TestOrgChartV2Categories" name="test_cadet_training_category_positions" time="0.444" /><testcase classname="backend.tests.test_orgchart_v2.TestOrgChartV2Categories" name="test_support_category_positions" time="0.431" /><testcase classname="backend.tests.test_orgchart_v2.TestOrgChartV2Categories" name="test_cadet_support_category_positions" time="0.705" /><testcase classname="backend.tests.test_orgchart_v2.TestOrgChartV2CRUD" name="test_update_role_position" time="0.538" /><testcase classname="backend.tests.test_orgchart_v2.TestOrgChartV2CRUD" name="test_create_and_delete_role" time="0.479" /><testcase classname="backend.tests.test_orgchart_v2.TestOrgChartV2CRUD" name="test_cannot_delete_role_with_subordinates" time="0.437" /><testcase classname="backend.tests.test_orgchart_v2.TestOrgChartV2CRUD" name="test_seed_endpoint_reseeds_85_positions" time="0.477" /></testsuite></testsuites>