<?xml version="1.0" encoding="utf-8"?><testsuites name="pytest tests"><testsuite name="pytest" errors="0" failures="0" skipped="0" tests="14" time="4.976" timestamp="2026-04-03T19:04:03.607577+00:00" hostname="agent-env-291acb8d-be6f-4dcc-8e6d-0c610650aa2a"><testcase classname="backend.tests.test_otc_permissions.TestOTCPermissionsAuth" name="test_commander_login" time="0.357" /><testcase classname="backend.tests.test_otc_permissions.TestOTCPermissionsAuth" name="test_parent_login" time="0.371" /><testcase classname="backend.tests.test_otc_permissions.TestParentOTCEndpoints" name="test_get_parent_otc_form" time="0.487" /><testcase classname="backend.tests.test_otc_permissions.TestParentOTCEndpoints" name="test_non_parent_cannot_access_parent_endpoint" time="0.444" /><testcase classname="backend.tests.test_otc_permissions.TestParentOTCEndpoints" name="test_submit_otc_form_missing_medication" time="0.105" /><testcase classname="backend.tests.test_otc_permissions.TestParentOTCEndpoints" name="test_submit_otc_form_missing_acknowledgments" time="0.137" /><testcase classname="backend.tests.test_otc_permissions.TestStaffOTCEndpoints" name="test_get_otc_dashboard" time="0.440" /><testcase classname="backend.tests.test_otc_permissions.TestStaffOTCEndpoints" name="test_non_staff_cannot_access_dashboard" time="0.461" /><testcase classname="backend.tests.test_otc_permissions.TestStaffOTCEndpoints" name="test_get_specific_otc_form" time="0.251" /><testcase classname="backend.tests.test_otc_permissions.TestStaffOTCEndpoints" name="test_non_staff_cannot_review" time="0.112" /><testcase classname="backend.tests.test_otc_permissions.TestOTCFormSubmissionFlow" name="test_submit_valid_otc_form" time="0.462" /><testcase classname="backend.tests.test_otc_permissions.TestOTCFormSubmissionFlow" name="test_verify_submitted_form" time="0.115" /><testcase classname="backend.tests.test_otc_permissions.TestOTCFormSubmissionFlow" name="test_form_appears_in_dashboard" time="0.484" /><testcase classname="backend.tests.test_otc_permissions.TestOTCReviewFlow" name="test_review_submitted_form" time="0.665" /></testsuite></testsuites>