<?xml version="1.0" encoding="utf-8"?><testsuites name="pytest tests"><testsuite name="pytest" errors="0" failures="0" skipped="0" tests="18" time="6.964" timestamp="2026-04-03T14:27:04.723196+00:00" hostname="agent-env-291acb8d-be6f-4dcc-8e6d-0c610650aa2a"><testcase classname="tests.test_parent_portal.TestParentRegistrationAndApproval" name="test_parent_login_success" time="0.449" /><testcase classname="tests.test_parent_portal.TestParentRegistrationAndApproval" name="test_parent_registration_requires_valid_capid" time="0.128" /><testcase classname="tests.test_parent_portal.TestParentEndpoints" name="test_get_my_cadet" time="0.409" /><testcase classname="tests.test_parent_portal.TestParentEndpoints" name="test_get_my_cadet_schedule" time="0.383" /><testcase classname="tests.test_parent_portal.TestParentEndpoints" name="test_get_my_cadet_health_incidents" time="0.390" /><testcase classname="tests.test_parent_portal.TestParentEndpoints" name="test_get_my_cadet_points" time="0.407" /><testcase classname="tests.test_parent_portal.TestParentEndpoints" name="test_get_my_cadet_meals" time="0.390" /><testcase classname="tests.test_parent_portal.TestParentAccessRestrictions" name="test_parent_cannot_access_roster" time="0.378" /><testcase classname="tests.test_parent_portal.TestParentAccessRestrictions" name="test_parent_cannot_access_by_flight" time="0.386" /><testcase classname="tests.test_parent_portal.TestNonParentCannotAccessParentEndpoints" name="test_commander_cannot_access_my_cadet" time="0.409" /><testcase classname="tests.test_parent_portal.TestNonParentCannotAccessParentEndpoints" name="test_commander_cannot_access_parent_schedule" time="0.395" /><testcase classname="tests.test_parent_portal.TestNonParentCannotAccessParentEndpoints" name="test_commander_cannot_access_parent_health" time="0.386" /><testcase classname="tests.test_parent_portal.TestNonParentCannotAccessParentEndpoints" name="test_commander_cannot_access_parent_points" time="0.383" /><testcase classname="tests.test_parent_portal.TestNonParentCannotAccessParentEndpoints" name="test_commander_cannot_access_parent_meals" time="0.365" /><testcase classname="tests.test_parent_portal.TestFlightGroupedRoster" name="test_get_participants_by_flight" time="0.409" /><testcase classname="tests.test_parent_portal.TestFlightGroupedRoster" name="test_by_flight_includes_contact_info" time="0.385" /><testcase classname="tests.test_parent_portal.TestFlightSergeantRestriction" name="test_commander_sees_all_participants" time="0.448" /><testcase classname="tests.test_parent_portal.TestUserApproval" name="test_approve_user_endpoint" time="0.377" /></testsuite></testsuites>