<?xml version="1.0" encoding="utf-8"?><testsuites name="pytest tests"><testsuite name="pytest" errors="0" failures="0" skipped="1" tests="32" time="57.467" timestamp="2026-06-18T19:09:20.672776+00:00" hostname="agent-env-291acb8d-be6f-4dcc-8e6d-0c610650aa2a"><testcase classname="backend.tests.test_parent_messages.TestExecContacts" name="test_parent_can_list_exec_contacts" time="0.966" /><testcase classname="backend.tests.test_parent_messages.TestExecContacts" name="test_non_parent_blocked" time="0.435" /><testcase classname="backend.tests.test_parent_messages.TestExecContacts" name="test_exec_cadre_blocked" time="0.453" /><testcase classname="backend.tests.test_parent_messages.TestExecContacts" name="test_commander_blocked_on_parent_endpoint" time="0.109" /><testcase classname="backend.tests.test_parent_messages.TestCreateParentMessage" name="test_create_basic_question" time="2.341" /><testcase classname="backend.tests.test_parent_messages.TestCreateParentMessage" name="test_create_emergency" time="1.243" /><testcase classname="backend.tests.test_parent_messages.TestCreateParentMessage" name="test_invalid_urgency_defaults_to_question" time="1.398" /><testcase classname="backend.tests.test_parent_messages.TestCreateParentMessage" name="test_subject_trimmed_within_limits" time="1.388" /><testcase classname="backend.tests.test_parent_messages.TestCreateParentMessage" name="test_oversize_subject_rejected_by_validation" time="0.107" /><testcase classname="backend.tests.test_parent_messages.TestCreateParentMessage" name="test_validation_empty_subject" time="0.115" /><testcase classname="backend.tests.test_parent_messages.TestCreateParentMessage" name="test_validation_empty_body" time="0.112" /><testcase classname="backend.tests.test_parent_messages.TestCreateParentMessage" name="test_non_parent_cannot_create" time="0.110" /><testcase classname="backend.tests.test_parent_messages.TestCreateParentMessage" name="test_idempotency_duplicate_subject_unique_ids" time="2.424" /><testcase classname="backend.tests.test_parent_messages.TestListParentMessages" name="test_parent_sees_own_threads" time="1.461" /><testcase classname="backend.tests.test_parent_messages.TestListParentMessages" name="test_non_parent_blocked_on_list" time="0.134" /><testcase classname="backend.tests.test_parent_messages.TestParentReply" name="test_parent_reply_appends_and_reopens" time="2.139" /><testcase classname="backend.tests.test_parent_messages.TestParentReply" name="test_parent_reply_unknown_thread_returns_404" time="0.138" /><testcase classname="backend.tests.test_parent_messages.TestParentReply" name="test_parent_cannot_reply_to_others_thread" time="0.106"><skipped type="pytest.skip" message="no other parent's thread available to test cross-parent 404">/app/backend/tests/test_parent_messages.py:344: no other parent's thread available to test cross-parent 404</skipped></testcase><testcase classname="backend.tests.test_parent_messages.TestExecInbox" name="test_exec_staff_can_list" time="0.120" /><testcase classname="backend.tests.test_parent_messages.TestExecInbox" name="test_commander_can_list" time="0.115" /><testcase classname="backend.tests.test_parent_messages.TestExecInbox" name="test_exec_cadre_blocked" time="0.132" /><testcase classname="backend.tests.test_parent_messages.TestExecInbox" name="test_cadre_blocked" time="0.145" /><testcase classname="backend.tests.test_parent_messages.TestExecInbox" name="test_parent_blocked" time="0.111" /><testcase classname="backend.tests.test_parent_messages.TestExecInbox" name="test_filter_by_status_and_urgency" time="1.377" /><testcase classname="backend.tests.test_parent_messages.TestExecReply" name="test_exec_reply_flips_status_to_in_progress" time="1.782" /><testcase classname="backend.tests.test_parent_messages.TestExecReply" name="test_exec_reply_unknown_thread_404" time="0.112" /><testcase classname="backend.tests.test_parent_messages.TestExecReply" name="test_cadre_cannot_exec_reply" time="1.145" /><testcase classname="backend.tests.test_parent_messages.TestStatusUpdate" name="test_resolved_sets_metadata" time="1.275" /><testcase classname="backend.tests.test_parent_messages.TestStatusUpdate" name="test_invalid_status_returns_400" time="1.205" /><testcase classname="backend.tests.test_parent_messages.TestStatusUpdate" name="test_status_update_unknown_thread_404" time="0.110" /><testcase classname="backend.tests.test_parent_messages.TestStatusUpdate" name="test_status_update_rbac" time="1.189" /><testcase classname="backend.tests.test_parent_messages.TestHappyPath" name="test_emergency_e2e_flow" time="33.349" /></testsuite></testsuites>