<?xml version="1.0" encoding="utf-8"?><testsuites name="pytest tests"><testsuite name="pytest" errors="0" failures="0" skipped="0" tests="23" time="9.433" timestamp="2026-04-10T15:15:14.392099+00:00" hostname="agent-env-291acb8d-be6f-4dcc-8e6d-0c610650aa2a"><testcase classname="backend.tests.test_parent_portal_admin.TestParentPortalAdmin" name="test_portal_config_requires_auth" time="0.197" /><testcase classname="backend.tests.test_parent_portal_admin.TestParentPortalAdmin" name="test_portal_config_returns_default_widgets" time="0.448" /><testcase classname="backend.tests.test_parent_portal_admin.TestParentPortalAdmin" name="test_portal_config_accessible_by_parent" time="0.390" /><testcase classname="backend.tests.test_parent_portal_admin.TestParentPortalAdmin" name="test_update_portal_config_admin_only" time="0.454" /><testcase classname="backend.tests.test_parent_portal_admin.TestParentPortalAdmin" name="test_update_portal_config_as_commander" time="0.454" /><testcase classname="backend.tests.test_parent_portal_admin.TestParentPortalAdmin" name="test_admin_preview_participants_requires_auth" time="0.104" /><testcase classname="backend.tests.test_parent_portal_admin.TestParentPortalAdmin" name="test_admin_preview_participants_admin_only" time="0.636" /><testcase classname="backend.tests.test_parent_portal_admin.TestParentPortalAdmin" name="test_admin_preview_participants_returns_list" time="0.386" /><testcase classname="backend.tests.test_parent_portal_admin.TestParentPortalAdmin" name="test_admin_preview_cadet_requires_auth" time="0.134" /><testcase classname="backend.tests.test_parent_portal_admin.TestParentPortalAdmin" name="test_admin_preview_cadet_admin_only" time="0.388" /><testcase classname="backend.tests.test_parent_portal_admin.TestParentPortalAdmin" name="test_admin_preview_cadet_returns_data" time="0.481" /><testcase classname="backend.tests.test_parent_portal_admin.TestParentPortalAdmin" name="test_admin_preview_cadet_not_found" time="0.380" /><testcase classname="backend.tests.test_parent_portal_admin.TestParentPortalAdmin" name="test_admin_preview_schedule_requires_auth" time="0.122" /><testcase classname="backend.tests.test_parent_portal_admin.TestParentPortalAdmin" name="test_admin_preview_schedule_admin_only" time="0.420" /><testcase classname="backend.tests.test_parent_portal_admin.TestParentPortalAdmin" name="test_admin_preview_schedule_returns_events" time="0.454" /><testcase classname="backend.tests.test_parent_portal_admin.TestParentPortalAdmin" name="test_admin_preview_health_returns_data" time="0.458" /><testcase classname="backend.tests.test_parent_portal_admin.TestParentPortalAdmin" name="test_admin_preview_points_returns_data" time="0.454" /><testcase classname="backend.tests.test_parent_portal_admin.TestParentPortalAdmin" name="test_admin_preview_meals_returns_data" time="0.518" /><testcase classname="backend.tests.test_parent_portal_admin.TestParentPortalConfigSizes" name="test_widget_size_third" time="0.474" /><testcase classname="backend.tests.test_parent_portal_admin.TestParentPortalConfigSizes" name="test_widget_size_half" time="0.476" /><testcase classname="backend.tests.test_parent_portal_admin.TestParentPortalConfigSizes" name="test_widget_size_full" time="0.650" /><testcase classname="backend.tests.test_parent_portal_admin.TestParentPortalConfigSizes" name="test_widget_visibility_toggle" time="0.466" /><testcase classname="backend.tests.test_parent_portal_admin.TestParentPortalConfigSizes" name="test_widget_reorder" time="0.427" /></testsuite></testsuites>