<?xml version="1.0" encoding="utf-8"?><testsuites name="pytest tests"><testsuite name="pytest" errors="0" failures="0" skipped="0" tests="20" time="3.871" timestamp="2026-03-27T15:06:00.678230+00:00" hostname="agent-env-689d916c-05a6-48ce-8c4a-e77f091afe2b"><testcase classname="backend.tests.test_participant_count_consistency.TestParticipantCountConsistency" name="test_participants_stats_total_count" time="0.741" /><testcase classname="backend.tests.test_participant_count_consistency.TestParticipantCountConsistency" name="test_participants_stats_student_count" time="0.131" /><testcase classname="backend.tests.test_participant_count_consistency.TestParticipantCountConsistency" name="test_participants_stats_cadre_count" time="0.115" /><testcase classname="backend.tests.test_participant_count_consistency.TestParticipantCountConsistency" name="test_participants_stats_staff_count" time="0.133" /><testcase classname="backend.tests.test_participant_count_consistency.TestParticipantCountConsistency" name="test_checkin_summary_total_count" time="0.172" /><testcase classname="backend.tests.test_participant_count_consistency.TestParticipantCountConsistency" name="test_checkin_summary_student_count" time="0.146" /><testcase classname="backend.tests.test_participant_count_consistency.TestParticipantCountConsistency" name="test_checkin_summary_cadre_count" time="0.162" /><testcase classname="backend.tests.test_participant_count_consistency.TestParticipantCountConsistency" name="test_checkin_summary_staff_count" time="0.117" /><testcase classname="backend.tests.test_participant_count_consistency.TestParticipantCountConsistency" name="test_checkin_roster_total_count" time="0.155" /><testcase classname="backend.tests.test_participant_count_consistency.TestParticipantCountConsistency" name="test_checkin_roster_student_filter" time="0.114" /><testcase classname="backend.tests.test_participant_count_consistency.TestParticipantCountConsistency" name="test_checkin_roster_cadre_filter" time="0.207" /><testcase classname="backend.tests.test_participant_count_consistency.TestParticipantCountConsistency" name="test_checkin_roster_staff_filter" time="0.145" /><testcase classname="backend.tests.test_participant_count_consistency.TestParticipantCountConsistency" name="test_participants_list_count" time="0.136" /><testcase classname="backend.tests.test_participant_count_consistency.TestParticipantCountConsistency" name="test_participants_list_no_removed_records" time="0.154" /><testcase classname="backend.tests.test_participant_count_consistency.TestParticipantCountConsistency" name="test_participants_list_category_breakdown" time="0.140" /><testcase classname="backend.tests.test_participant_count_consistency.TestParticipantCountConsistency" name="test_barracks_unassigned_excludes_removed" time="0.166" /><testcase classname="backend.tests.test_participant_count_consistency.TestParticipantCountConsistency" name="test_barracks_unassigned_only_students_and_cadre" time="0.116" /><testcase classname="backend.tests.test_participant_count_consistency.TestParticipantCountConsistency" name="test_sync_is_idempotent" time="0.241" /><testcase classname="backend.tests.test_participant_count_consistency.TestParticipantCountConsistency" name="test_stats_and_summary_match" time="0.225" /><testcase classname="backend.tests.test_participant_count_consistency.TestParticipantCountConsistency" name="test_roster_and_stats_match" time="0.246" /></testsuite></testsuites>