<?xml version="1.0" encoding="utf-8"?><testsuites name="pytest tests"><testsuite name="pytest" errors="0" failures="0" skipped="0" tests="20" time="14.472" timestamp="2026-03-13T23:29:12.354093+00:00" hostname="agent-env-c2112518-2999-4b77-8667-05ee10ccf99e"><testcase classname="backend.tests.test_password_reset.TestForgotPasswordAPI" name="test_forgot_password_with_valid_email_and_capid" time="0.382" /><testcase classname="backend.tests.test_password_reset.TestForgotPasswordAPI" name="test_forgot_password_with_wrong_capid" time="0.133" /><testcase classname="backend.tests.test_password_reset.TestForgotPasswordAPI" name="test_forgot_password_with_nonexistent_email" time="0.110" /><testcase classname="backend.tests.test_password_reset.TestForgotPasswordAPI" name="test_forgot_password_returns_debug_token_when_valid" time="0.326" /><testcase classname="backend.tests.test_password_reset.TestVerifyResetTokenAPI" name="test_verify_valid_token" time="0.487" /><testcase classname="backend.tests.test_password_reset.TestVerifyResetTokenAPI" name="test_verify_invalid_token" time="0.149" /><testcase classname="backend.tests.test_password_reset.TestResetPasswordAPI" name="test_reset_password_with_valid_token" time="1.404" /><testcase classname="backend.tests.test_password_reset.TestResetPasswordAPI" name="test_reset_password_with_invalid_token" time="0.120" /><testcase classname="backend.tests.test_password_reset.TestResetPasswordAPI" name="test_reset_password_too_short" time="0.444" /><testcase classname="backend.tests.test_password_reset.TestAdminResetPasswordAPI" name="test_admin_reset_requires_auth" time="0.108" /><testcase classname="backend.tests.test_password_reset.TestAdminResetPasswordAPI" name="test_admin_reset_password_success" time="1.442" /><testcase classname="backend.tests.test_password_reset.TestAdminResetPasswordAPI" name="test_admin_reset_password_short_password" time="0.224" /><testcase classname="backend.tests.test_password_reset.TestAdminResetPasswordAPI" name="test_admin_reset_nonexistent_user" time="0.101" /><testcase classname="backend.tests.test_password_reset.TestFullPasswordResetFlow" name="test_complete_self_service_flow" time="1.828" /><testcase classname="backend.tests.test_password_reset.TestFullPasswordResetFlow" name="test_token_becomes_invalid_after_use" time="1.633" /><testcase classname="backend.tests.test_profile_change_password.TestProfileChangePassword" name="test_change_password_requires_auth" time="0.156" /><testcase classname="backend.tests.test_profile_change_password.TestProfileChangePassword" name="test_change_password_wrong_current_password" time="0.705" /><testcase classname="backend.tests.test_profile_change_password.TestProfileChangePassword" name="test_change_password_too_short_new_password" time="0.742" /><testcase classname="backend.tests.test_profile_change_password.TestProfileChangePassword" name="test_change_password_success" time="1.784" /><testcase classname="backend.tests.test_profile_change_password.TestProfileChangePassword" name="test_change_password_old_password_invalidated" time="2.137" /></testsuite></testsuites>