<?xml version="1.0" encoding="utf-8"?><testsuites name="pytest tests"><testsuite name="pytest" errors="0" failures="0" skipped="0" tests="15" time="8.088" timestamp="2026-02-24T19:38:27.316458+00:00" hostname="agent-env-74d197b4-22a5-4312-8352-ba42f9a70af5"><testcase classname="backend.tests.test_password_reset.TestForgotPasswordAPI" name="test_forgot_password_with_valid_email_and_capid" time="0.222" /><testcase classname="backend.tests.test_password_reset.TestForgotPasswordAPI" name="test_forgot_password_with_wrong_capid" time="0.269" /><testcase classname="backend.tests.test_password_reset.TestForgotPasswordAPI" name="test_forgot_password_with_nonexistent_email" time="0.124" /><testcase classname="backend.tests.test_password_reset.TestForgotPasswordAPI" name="test_forgot_password_returns_debug_token_when_valid" time="0.264" /><testcase classname="backend.tests.test_password_reset.TestVerifyResetTokenAPI" name="test_verify_valid_token" time="0.446" /><testcase classname="backend.tests.test_password_reset.TestVerifyResetTokenAPI" name="test_verify_invalid_token" time="0.157" /><testcase classname="backend.tests.test_password_reset.TestResetPasswordAPI" name="test_reset_password_with_valid_token" time="1.071" /><testcase classname="backend.tests.test_password_reset.TestResetPasswordAPI" name="test_reset_password_with_invalid_token" time="0.117" /><testcase classname="backend.tests.test_password_reset.TestResetPasswordAPI" name="test_reset_password_too_short" time="0.305" /><testcase classname="backend.tests.test_password_reset.TestAdminResetPasswordAPI" name="test_admin_reset_requires_auth" time="0.135" /><testcase classname="backend.tests.test_password_reset.TestAdminResetPasswordAPI" name="test_admin_reset_password_success" time="1.656" /><testcase classname="backend.tests.test_password_reset.TestAdminResetPasswordAPI" name="test_admin_reset_password_short_password" time="0.343" /><testcase classname="backend.tests.test_password_reset.TestAdminResetPasswordAPI" name="test_admin_reset_nonexistent_user" time="0.169" /><testcase classname="backend.tests.test_password_reset.TestFullPasswordResetFlow" name="test_complete_self_service_flow" time="1.598" /><testcase classname="backend.tests.test_password_reset.TestFullPasswordResetFlow" name="test_token_becomes_invalid_after_use" time="1.134" /></testsuite></testsuites>