<?xml version="1.0" encoding="utf-8"?><testsuites name="pytest tests"><testsuite name="pytest" errors="0" failures="0" skipped="0" tests="23" time="4.575" timestamp="2026-04-03T17:09:49.005724+00:00" hostname="agent-env-291acb8d-be6f-4dcc-8e6d-0c610650aa2a"><testcase classname="tests.test_payment_reports.TestPaymentSummaryEndpoint" name="test_payment_summary_returns_200" time="0.550" /><testcase classname="tests.test_payment_reports.TestPaymentSummaryEndpoint" name="test_payment_summary_structure" time="0.118" /><testcase classname="tests.test_payment_reports.TestPaymentSummaryEndpoint" name="test_payment_summary_totals_consistent" time="0.145" /><testcase classname="tests.test_payment_reports.TestPaymentSummaryEndpoint" name="test_payment_summary_by_type_breakdown" time="0.114" /><testcase classname="tests.test_payment_reports.TestPaymentSummaryEndpoint" name="test_payment_summary_by_flight_breakdown" time="0.128" /><testcase classname="tests.test_payment_reports.TestPaymentSummaryEndpoint" name="test_payment_summary_participants_list" time="0.124" /><testcase classname="tests.test_payment_reports.TestPaymentSummaryEndpoint" name="test_payment_summary_denied_for_non_finance" time="0.552" /><testcase classname="tests.test_payment_reports.TestPaymentImportHistoryEndpoint" name="test_payment_imports_returns_200" time="0.163" /><testcase classname="tests.test_payment_reports.TestPaymentImportHistoryEndpoint" name="test_payment_imports_returns_list" time="0.119" /><testcase classname="tests.test_payment_reports.TestPaymentImportHistoryEndpoint" name="test_payment_imports_structure" time="0.115" /><testcase classname="tests.test_payment_reports.TestPaymentImportHistoryEndpoint" name="test_payment_imports_denied_for_non_finance" time="0.130" /><testcase classname="tests.test_payment_reports.TestPaymentImportEndpoint" name="test_import_rejects_non_excel" time="0.127" /><testcase classname="tests.test_payment_reports.TestPaymentImportEndpoint" name="test_import_denied_for_non_finance" time="0.354" /><testcase classname="tests.test_payment_reports.TestPaymentImportEndpoint" name="test_import_valid_excel_returns_200" time="0.182" /><testcase classname="tests.test_payment_reports.TestPaymentImportEndpoint" name="test_import_creates_history_record" time="0.363" /><testcase classname="tests.test_payment_reports.TestPaymentDataPersistence" name="test_payment_summary_reflects_import_data" time="0.230" /><testcase classname="tests.test_payment_reports.TestPaymentDataPersistence" name="test_participants_have_payment_fields" time="0.114" /><testcase classname="tests.test_payment_reports.TestBudgetEndpointsAccess" name="test_budget_requires_finance_access" time="0.126" /><testcase classname="tests.test_payment_reports.TestBudgetEndpointsAccess" name="test_budget_summary_requires_finance_access" time="0.105" /><testcase classname="tests.test_payment_reports.TestBudgetEndpointsAccess" name="test_commander_can_access_budget" time="0.114" /><testcase classname="tests.test_payment_reports.TestBudgetEndpointsAccess" name="test_commander_can_access_budget_summary" time="0.132" /><testcase classname="tests.test_payment_reports.TestRosterPaymentIndicators" name="test_participants_have_paid_field" time="0.138" /><testcase classname="tests.test_payment_reports.TestRosterPaymentIndicators" name="test_participants_payment_fields_after_import" time="0.240" /></testsuite></testsuites>