<?xml version="1.0" encoding="utf-8"?><testsuites name="pytest tests"><testsuite name="pytest" errors="0" failures="0" skipped="0" tests="9" time="3.415" timestamp="2026-03-27T22:39:31.139762+00:00" hostname="agent-env-689d916c-05a6-48ce-8c4a-e77f091afe2b"><testcase classname="backend.tests.test_pdf_export.TestPdfExportEndpoints" name="test_export_pdf_simple_format" time="0.785" /><testcase classname="backend.tests.test_pdf_export.TestPdfExportEndpoints" name="test_export_pdf_by_flight_format" time="0.266" /><testcase classname="backend.tests.test_pdf_export.TestPdfExportEndpoints" name="test_export_pdf_by_type_format" time="0.347" /><testcase classname="backend.tests.test_pdf_export.TestPdfExportAuthentication" name="test_export_pdf_requires_auth" time="0.122" /><testcase classname="backend.tests.test_pdf_export.TestPdfExportAuthentication" name="test_export_pdf_rejects_invalid_token" time="0.105" /><testcase classname="backend.tests.test_pdf_export.TestPdfExportContent" name="test_pdf_includes_summary_stats" time="0.405" /><testcase classname="backend.tests.test_pdf_export.TestPdfExportContent" name="test_all_three_formats_return_different_sizes" time="0.885" /><testcase classname="backend.tests.test_pdf_export.TestPdfExportEdgeCases" name="test_export_pdf_default_format" time="0.322" /><testcase classname="backend.tests.test_pdf_export.TestPdfExportEdgeCases" name="test_export_pdf_invalid_format" time="0.116" /></testsuite></testsuites>