<?xml version="1.0" encoding="utf-8"?><testsuites name="pytest tests"><testsuite name="pytest" errors="0" failures="0" skipped="0" tests="17" time="7.628" timestamp="2026-02-21T22:09:43.800698+00:00" hostname="agent-env-7aeacb00-7e54-485b-85cc-eb9f3bf219a0"><testcase classname="tests.test_permissions_roles_units.TestRegistrationRoleOptions" name="test_register_with_staff_role" time="0.720" /><testcase classname="tests.test_permissions_roles_units.TestRegistrationRoleOptions" name="test_register_with_cadre_role" time="0.336" /><testcase classname="tests.test_permissions_roles_units.TestRegistrationRoleOptions" name="test_register_with_commander_role_defaults_to_staff" time="0.339" /><testcase classname="tests.test_permissions_roles_units.TestAdminRolesDropdown" name="test_get_users_shows_role_info" time="0.167" /><testcase classname="tests.test_permissions_roles_units.TestAdminRolesDropdown" name="test_update_user_role_to_commander" time="0.436" /><testcase classname="tests.test_permissions_roles_units.TestAdminRolesDropdown" name="test_update_user_role_to_finance" time="0.478" /><testcase classname="tests.test_permissions_roles_units.TestUnitDropdowns" name="test_assign_user_to_staff_unit" time="0.462" /><testcase classname="tests.test_permissions_roles_units.TestUnitDropdowns" name="test_assign_user_to_squadron_with_flight" time="0.435" /><testcase classname="tests.test_permissions_roles_units.TestPermissionsEndpoints" name="test_update_user_permissions" time="0.479" /><testcase classname="tests.test_permissions_roles_units.TestPermissionsEndpoints" name="test_reset_user_permissions_to_defaults" time="0.574" /><testcase classname="tests.test_permissions_roles_units.TestPermissionsEndpoints" name="test_permissions_endpoint_404_for_invalid_user" time="0.115" /><testcase classname="tests.test_permissions_roles_units.TestApprovalEmailNotification" name="test_approve_user_sends_email_notification" time="0.463" /><testcase classname="tests.test_permissions_roles_units.TestPermissionsInProfileAndMe" name="test_permissions_in_profile" time="0.113" /><testcase classname="tests.test_permissions_roles_units.TestPermissionsInProfileAndMe" name="test_permissions_computed_for_auth_me" time="0.134" /><testcase classname="tests.test_permissions_roles_units.TestDefaultPermissionsByRole" name="test_commander_default_permissions" time="0.116" /><testcase classname="tests.test_permissions_roles_units.TestDefaultPermissionsByRole" name="test_staff_default_permissions" time="0.382" /><testcase classname="tests.test_permissions_roles_units.TestDefaultPermissionsByRole" name="test_cadre_default_permissions" time="1.825" /></testsuite></testsuites>