<?xml version="1.0" encoding="utf-8"?><testsuites name="pytest tests"><testsuite name="pytest" errors="0" failures="2" skipped="0" tests="17" time="7.928" timestamp="2026-02-21T22:09:07.611235+00:00" hostname="agent-env-7aeacb00-7e54-485b-85cc-eb9f3bf219a0"><testcase classname="tests.test_permissions_roles_units.TestRegistrationRoleOptions" name="test_register_with_staff_role" time="0.797" /><testcase classname="tests.test_permissions_roles_units.TestRegistrationRoleOptions" name="test_register_with_cadre_role" time="0.346" /><testcase classname="tests.test_permissions_roles_units.TestRegistrationRoleOptions" name="test_register_with_commander_role_defaults_to_staff" time="0.361" /><testcase classname="tests.test_permissions_roles_units.TestAdminRolesDropdown" name="test_get_users_shows_role_info" time="0.113" /><testcase classname="tests.test_permissions_roles_units.TestAdminRolesDropdown" name="test_update_user_role_to_commander" time="0.483"><failure message="assert 520 == 200&#10; +  where 520 = &lt;Response [520]&gt;.status_code">tests/test_permissions_roles_units.py:159: in test_update_user_role_to_commander
    assert response.status_code == 200
E   assert 520 == 200
E    +  where 520 = &lt;Response [520]&gt;.status_code</failure></testcase><testcase classname="tests.test_permissions_roles_units.TestAdminRolesDropdown" name="test_update_user_role_to_finance" time="0.449"><failure message="assert 520 == 200&#10; +  where 520 = &lt;Response [520]&gt;.status_code">tests/test_permissions_roles_units.py:177: in test_update_user_role_to_finance
    assert response.status_code == 200
E   assert 520 == 200
E    +  where 520 = &lt;Response [520]&gt;.status_code</failure></testcase><testcase classname="tests.test_permissions_roles_units.TestUnitDropdowns" name="test_assign_user_to_staff_unit" time="0.554" /><testcase classname="tests.test_permissions_roles_units.TestUnitDropdowns" name="test_assign_user_to_squadron_with_flight" time="0.469" /><testcase classname="tests.test_permissions_roles_units.TestPermissionsEndpoints" name="test_update_user_permissions" time="0.499" /><testcase classname="tests.test_permissions_roles_units.TestPermissionsEndpoints" name="test_reset_user_permissions_to_defaults" time="0.574" /><testcase classname="tests.test_permissions_roles_units.TestPermissionsEndpoints" name="test_permissions_endpoint_404_for_invalid_user" time="0.113" /><testcase classname="tests.test_permissions_roles_units.TestApprovalEmailNotification" name="test_approve_user_sends_email_notification" time="0.460" /><testcase classname="tests.test_permissions_roles_units.TestPermissionsInProfileAndMe" name="test_permissions_in_profile" time="0.143" /><testcase classname="tests.test_permissions_roles_units.TestPermissionsInProfileAndMe" name="test_permissions_computed_for_auth_me" time="0.121" /><testcase classname="tests.test_permissions_roles_units.TestDefaultPermissionsByRole" name="test_commander_default_permissions" time="0.120" /><testcase classname="tests.test_permissions_roles_units.TestDefaultPermissionsByRole" name="test_staff_default_permissions" time="0.361" /><testcase classname="tests.test_permissions_roles_units.TestDefaultPermissionsByRole" name="test_cadre_default_permissions" time="1.819" /></testsuite></testsuites>