<?xml version="1.0" encoding="utf-8"?><testsuites name="pytest tests"><testsuite name="pytest" errors="0" failures="0" skipped="0" tests="13" time="2.999" timestamp="2026-04-06T16:37:30.179948+00:00" hostname="agent-env-291acb8d-be6f-4dcc-8e6d-0c610650aa2a"><testcase classname="backend.tests.test_photos.TestPhotoUpload" name="test_upload_photo_success" time="0.972" /><testcase classname="backend.tests.test_photos.TestPhotoUpload" name="test_upload_photo_invalid_type" time="0.128" /><testcase classname="backend.tests.test_photos.TestPhotoUpload" name="test_upload_photo_no_auth" time="0.106" /><testcase classname="backend.tests.test_photos.TestPhotoUpload" name="test_upload_photo_nonexistent_participant" time="0.129" /><testcase classname="backend.tests.test_photos.TestPhotoRetrieval" name="test_get_photo_with_query_auth" time="0.562" /><testcase classname="backend.tests.test_photos.TestPhotoRetrieval" name="test_get_photo_with_header_auth" time="0.201" /><testcase classname="backend.tests.test_photos.TestPhotoRetrieval" name="test_get_photo_no_auth" time="0.109" /><testcase classname="backend.tests.test_photos.TestPhotoRetrieval" name="test_get_photo_invalid_token" time="0.113" /><testcase classname="backend.tests.test_photos.TestPhotoDelete" name="test_delete_photo_success" time="0.128" /><testcase classname="backend.tests.test_photos.TestPhotoDelete" name="test_delete_photo_no_auth" time="0.103" /><testcase classname="backend.tests.test_photos.TestPhotoDelete" name="test_delete_photo_nonexistent_participant" time="0.144" /><testcase classname="backend.tests.test_photos.TestParticipantsByFlight" name="test_by_flight_includes_photo_path" time="0.114" /><testcase classname="backend.tests.test_photos.TestRosterPageIntegration" name="test_participants_list" time="0.124" /></testsuite></testsuites>