<?xml version="1.0" encoding="utf-8"?><testsuites name="pytest tests"><testsuite name="pytest" errors="0" failures="0" skipped="0" tests="14" time="2.875" timestamp="2026-02-24T16:23:47.721225+00:00" hostname="agent-env-74d197b4-22a5-4312-8352-ba42f9a70af5"><testcase classname="backend.tests.test_points_tracking.TestPointsTracking" name="test_get_score_categories" time="0.521" /><testcase classname="backend.tests.test_points_tracking.TestPointsTracking" name="test_seed_default_categories" time="0.122" /><testcase classname="backend.tests.test_points_tracking.TestPointsTracking" name="test_get_cumulative_standings" time="0.116" /><testcase classname="backend.tests.test_points_tracking.TestPointsTracking" name="test_get_scores" time="0.118" /><testcase classname="backend.tests.test_points_tracking.TestPointsTracking" name="test_get_merit_demerits" time="0.122" /><testcase classname="backend.tests.test_points_tracking.TestPointsTracking" name="test_get_flight_leaderboard" time="0.124" /><testcase classname="backend.tests.test_points_tracking.TestPointsTracking" name="test_get_squadron_leaderboard" time="0.126" /><testcase classname="backend.tests.test_points_tracking.TestPointsTracking" name="test_get_individual_leaderboard" time="0.150" /><testcase classname="backend.tests.test_points_tracking.TestPointsTracking" name="test_get_daily_winners" time="0.120" /><testcase classname="backend.tests.test_points_tracking.TestPointsTracking" name="test_get_points_summary" time="0.193" /><testcase classname="backend.tests.test_points_tracking.TestPointsTracking" name="test_record_score" time="0.440" /><testcase classname="backend.tests.test_points_tracking.TestPointsTracking" name="test_commander_has_full_access" time="0.000" /><testcase classname="backend.tests.test_points_tracking.TestPointsTracking" name="test_participants_endpoint" time="0.142" /><testcase classname="backend.tests.test_points_tracking.TestScheduleFilter" name="test_schedule_endpoint_accessible" time="0.528" /></testsuite></testsuites>