<?xml version="1.0" encoding="utf-8"?><testsuites name="pytest tests"><testsuite name="pytest" errors="0" failures="0" skipped="0" tests="21" time="12.452" timestamp="2026-02-21T21:47:22.279265+00:00" hostname="agent-env-7aeacb00-7e54-485b-85cc-eb9f3bf219a0"><testcase classname="tests.test_profile_approval.TestAuthentication" name="test_login_commander" time="0.487" /><testcase classname="tests.test_profile_approval.TestProfileEndpoints" name="test_get_profile" time="0.481" /><testcase classname="tests.test_profile_approval.TestProfileEndpoints" name="test_update_profile_basic_info" time="0.695" /><testcase classname="tests.test_profile_approval.TestProfileEndpoints" name="test_update_profile_cap_info" time="0.504" /><testcase classname="tests.test_profile_approval.TestProfileEndpoints" name="test_update_profile_address" time="0.457" /><testcase classname="tests.test_profile_approval.TestProfileEndpoints" name="test_update_profile_emergency_contact" time="0.492" /><testcase classname="tests.test_profile_approval.TestProfileEndpoints" name="test_profile_cannot_change_role" time="0.543" /><testcase classname="tests.test_profile_approval.TestRegistrationWithRole" name="test_register_staff_role" time="0.475" /><testcase classname="tests.test_profile_approval.TestRegistrationWithRole" name="test_register_cadet_role" time="0.323" /><testcase classname="tests.test_profile_approval.TestRegistrationWithRole" name="test_register_invalid_role_defaults_to_staff" time="0.333" /><testcase classname="tests.test_profile_approval.TestUserApproval" name="test_get_pending_users" time="0.534" /><testcase classname="tests.test_profile_approval.TestUserApproval" name="test_approve_user" time="0.782" /><testcase classname="tests.test_profile_approval.TestUserApproval" name="test_approve_nonexistent_user" time="0.488" /><testcase classname="tests.test_profile_approval.TestUserApproval" name="test_pending_users_requires_commander" time="0.508" /><testcase classname="tests.test_profile_approval.TestMatchParticipants" name="test_find_matching_participants" time="0.848" /><testcase classname="tests.test_profile_approval.TestMatchParticipants" name="test_link_user_to_participant" time="1.073" /><testcase classname="tests.test_profile_approval.TestMatchParticipants" name="test_link_nonexistent_participant" time="0.643" /><testcase classname="tests.test_profile_approval.TestProfilePhoto" name="test_upload_profile_photo_invalid_type" time="0.447" /><testcase classname="tests.test_profile_approval.TestProfilePhoto" name="test_upload_profile_photo_valid" time="0.477" /><testcase classname="tests.test_profile_approval.TestProfilePhoto" name="test_delete_profile_photo" time="0.562" /><testcase classname="tests.test_profile_approval.TestCleanup" name="test_cleanup_test_users" time="1.199" /></testsuite></testsuites>