<?xml version="1.0" encoding="utf-8"?><testsuites name="pytest tests"><testsuite name="pytest" errors="0" failures="0" skipped="0" tests="16" time="6.835" timestamp="2026-02-21T19:09:16.251490+00:00" hostname="agent-env-ee200912-8c4f-4f4b-a774-bdb29b20efed"><testcase classname="backend.tests.test_schedule_features.TestScheduleFeatures" name="test_get_schedule_settings" time="0.483" /><testcase classname="backend.tests.test_schedule_features.TestScheduleFeatures" name="test_unpublish_schedule" time="0.468" /><testcase classname="backend.tests.test_schedule_features.TestScheduleFeatures" name="test_publish_schedule" time="0.443" /><testcase classname="backend.tests.test_schedule_features.TestScheduleFeatures" name="test_import_schedule_with_valid_excel" time="0.797" /><testcase classname="backend.tests.test_schedule_features.TestScheduleFeatures" name="test_import_schedule_invalid_file_type" time="0.509" /><testcase classname="backend.tests.test_schedule_features.TestScheduleFeatures" name="test_get_schedule_events" time="0.397" /><testcase classname="backend.tests.test_schedule_features.TestScheduleFeatures" name="test_create_schedule_event" time="0.437" /><testcase classname="backend.tests.test_schedule_features.TestScheduleFeatures" name="test_update_schedule_event" time="0.447" /><testcase classname="backend.tests.test_schedule_features.TestScheduleFeatures" name="test_delete_schedule_event" time="0.516" /><testcase classname="backend.tests.test_schedule_features.TestScheduleFeatures" name="test_schedule_dates_july_17_24" time="0.407" /><testcase classname="backend.tests.test_schedule_features.TestScheduleFeatures" name="test_schedule_has_staff_arrival_events" time="0.407" /><testcase classname="backend.tests.test_schedule_features.TestScheduleFeatures" name="test_schedule_has_graduation_events" time="0.410" /><testcase classname="backend.tests.test_schedule_features.TestScheduleAccessControl" name="test_schedule_settings_requires_auth" time="0.109" /><testcase classname="backend.tests.test_schedule_features.TestScheduleAccessControl" name="test_publish_requires_editor_role" time="0.112" /><testcase classname="backend.tests.test_schedule_features.TestScheduleAccessControl" name="test_unpublish_requires_editor_role" time="0.113" /><testcase classname="backend.tests.test_schedule_features.TestScheduleAccessControl" name="test_import_requires_editor_role" time="0.660" /></testsuite></testsuites>