<?xml version="1.0" encoding="utf-8"?><testsuites name="pytest tests"><testsuite name="pytest" errors="0" failures="0" skipped="0" tests="35" time="16.978" timestamp="2026-04-02T21:34:11.504908+00:00" hostname="agent-env-b35ea02a-2384-42a6-89b7-7c14ee4b218f"><testcase classname="tests.test_refactored_routes.TestAuthRoutes" name="test_login_success" time="0.396" /><testcase classname="tests.test_refactored_routes.TestAuthRoutes" name="test_login_invalid_credentials" time="0.101" /><testcase classname="tests.test_refactored_routes.TestAuthRoutes" name="test_get_me" time="0.390" /><testcase classname="tests.test_refactored_routes.TestAuthRoutes" name="test_get_profile" time="0.421" /><testcase classname="tests.test_refactored_routes.TestAuthRoutes" name="test_presence_heartbeat" time="0.388" /><testcase classname="tests.test_refactored_routes.TestUserRoutes" name="test_get_users" time="0.376" /><testcase classname="tests.test_refactored_routes.TestUserRoutes" name="test_get_pending_users" time="0.429" /><testcase classname="tests.test_refactored_routes.TestParticipantRoutes" name="test_get_participants" time="0.442" /><testcase classname="tests.test_refactored_routes.TestParticipantRoutes" name="test_get_participant_stats" time="0.474" /><testcase classname="tests.test_refactored_routes.TestParticipantRoutes" name="test_export_pdf" time="0.609" /><testcase classname="tests.test_refactored_routes.TestScheduleRoutes" name="test_get_schedule" time="0.387" /><testcase classname="tests.test_refactored_routes.TestScheduleRoutes" name="test_get_schedule_settings" time="0.388" /><testcase classname="tests.test_refactored_routes.TestBudgetRoutes" name="test_get_budget" time="0.402" /><testcase classname="tests.test_refactored_routes.TestBudgetRoutes" name="test_get_budget_summary" time="0.428" /><testcase classname="tests.test_refactored_routes.TestDocumentRoutes" name="test_get_documents" time="0.375" /><testcase classname="tests.test_refactored_routes.TestDocumentRoutes" name="test_get_document_categories" time="0.388" /><testcase classname="tests.test_refactored_routes.TestOrgChartRoutes" name="test_get_org_chart_roles" time="0.413" /><testcase classname="tests.test_refactored_routes.TestStatsRoutes" name="test_get_dashboard_stats" time="0.378" /><testcase classname="tests.test_refactored_routes.TestStatsRoutes" name="test_get_dashboard_quickview" time="0.389" /><testcase classname="tests.test_refactored_routes.TestFlightRoutes" name="test_get_flights" time="0.411" /><testcase classname="tests.test_refactored_routes.TestFlightRoutes" name="test_get_squadrons" time="0.366" /><testcase classname="tests.test_refactored_routes.TestCheckInRoutes" name="test_get_check_in_summary" time="0.388" /><testcase classname="tests.test_refactored_routes.TestCheckInRoutes" name="test_get_check_in_roster" time="0.396" /><testcase classname="tests.test_refactored_routes.TestBarracksRoutes" name="test_get_barracks" time="0.387" /><testcase classname="tests.test_refactored_routes.TestBarracksRoutes" name="test_get_facility_buildings" time="0.394" /><testcase classname="tests.test_refactored_routes.TestTrainingRoutes" name="test_get_training_summary" time="0.375" /><testcase classname="tests.test_refactored_routes.TestNotificationRoutes" name="test_get_notifications" time="0.403" /><testcase classname="tests.test_refactored_routes.TestNotificationRoutes" name="test_get_unread_count" time="0.374" /><testcase classname="tests.test_refactored_routes.TestNotificationRoutes" name="test_send_notification" time="3.712" /><testcase classname="tests.test_refactored_routes.TestDailySettingsRoutes" name="test_get_daily_settings" time="0.372" /><testcase classname="tests.test_refactored_routes.TestMealPlanRoutes" name="test_get_meal_plans" time="0.382" /><testcase classname="tests.test_refactored_routes.TestHealthAlertsRoutes" name="test_get_health_alerts" time="0.385" /><testcase classname="tests.test_refactored_routes.TestScheduleChangesRoutes" name="test_get_schedule_changes" time="0.403" /><testcase classname="tests.test_refactored_routes.TestScheduleChangesRoutes" name="test_get_pending_count" time="0.447" /><testcase classname="tests.test_refactored_routes.TestRootRoute" name="test_root_endpoint" time="0.110" /></testsuite></testsuites>