<?xml version="1.0" encoding="utf-8"?><testsuites name="pytest tests"><testsuite name="pytest" errors="0" failures="0" skipped="0" tests="12" time="5.496" timestamp="2026-04-10T03:10:11.847095+00:00" hostname="agent-env-291acb8d-be6f-4dcc-8e6d-0c610650aa2a"><testcase classname="backend.tests.test_role_system_redesign.TestRoleSystemRedesign" name="test_login_returns_cadre_unit_and_position" time="0.423" /><testcase classname="backend.tests.test_role_system_redesign.TestRoleSystemRedesign" name="test_auth_me_returns_cadre_fields" time="0.407" /><testcase classname="backend.tests.test_role_system_redesign.TestRoleSystemRedesign" name="test_get_users_returns_cadre_fields" time="0.392" /><testcase classname="backend.tests.test_role_system_redesign.TestRoleSystemRedesign" name="test_assign_cadre_unit_operations" time="0.485" /><testcase classname="backend.tests.test_role_system_redesign.TestRoleSystemRedesign" name="test_assign_cadre_unit_support" time="0.450" /><testcase classname="backend.tests.test_role_system_redesign.TestRoleSystemRedesign" name="test_ops_positions_squadron_assignment" time="0.428" /><testcase classname="backend.tests.test_role_system_redesign.TestRoleSystemRedesign" name="test_ops_positions_flight_assignment" time="0.438" /><testcase classname="backend.tests.test_role_system_redesign.TestRoleSystemRedesign" name="test_page_parent_portal_permission_exists" time="0.434" /><testcase classname="backend.tests.test_role_system_redesign.TestRoleSystemRedesign" name="test_support_sections_valid_values" time="0.645" /><testcase classname="backend.tests.test_role_system_redesign.TestRoleSystemRedesign" name="test_ops_positions_valid_values" time="0.590" /><testcase classname="backend.tests.test_role_system_redesign.TestExecCadreUser" name="test_exec_cadre_login_returns_cadre_fields" time="0.332" /><testcase classname="backend.tests.test_role_system_redesign.TestExecCadreUser" name="test_exec_cadre_can_view_users" time="0.415" /></testsuite></testsuites>