<?xml version="1.0" encoding="utf-8"?><testsuites name="pytest tests"><testsuite name="pytest" errors="0" failures="0" skipped="0" tests="12" time="26.297" timestamp="2026-04-06T19:49:07.276767+00:00" hostname="agent-env-291acb8d-be6f-4dcc-8e6d-0c610650aa2a"><testcase classname="tests.test_schedule_import.TestScheduleImport" name="test_import_excel_file_success" time="1.711" /><testcase classname="tests.test_schedule_import.TestScheduleImport" name="test_imported_events_have_correct_dates" time="0.429" /><testcase classname="tests.test_schedule_import.TestScheduleImport" name="test_aerospace_category_exists" time="0.438" /><testcase classname="tests.test_schedule_import.TestScheduleImport" name="test_character_category_exists" time="0.428" /><testcase classname="tests.test_schedule_import.TestScheduleImport" name="test_all_event_types_present" time="0.413" /><testcase classname="tests.test_schedule_import.TestScheduleImport" name="test_reimport_replaces_schedule" time="3.233" /><testcase classname="tests.test_schedule_import.TestScheduleImport" name="test_non_excel_file_returns_400" time="0.448" /><testcase classname="tests.test_schedule_import.TestScheduleImport" name="test_schedule_in_draft_mode_after_import" time="1.760" /><testcase classname="tests.test_schedule_import.TestScheduleImport" name="test_events_have_required_fields" time="0.405" /><testcase classname="tests.test_schedule_import.TestScheduleImport" name="test_unauthorized_import_rejected" time="0.659" /><testcase classname="tests.test_schedule_import.TestScheduleEventTypes" name="test_create_aerospace_event" time="8.125" /><testcase classname="tests.test_schedule_import.TestScheduleEventTypes" name="test_create_character_event" time="8.173" /></testsuite></testsuites>