<?xml version="1.0" encoding="utf-8"?><testsuites name="pytest tests"><testsuite name="pytest" errors="0" failures="0" skipped="0" tests="13" time="4.618" timestamp="2026-04-03T17:42:29.462576+00:00" hostname="agent-env-291acb8d-be6f-4dcc-8e6d-0c610650aa2a"><testcase classname="backend.tests.test_smart_receipts.TestSmartReceiptUpload" name="test_receipt_upload_requires_auth" time="0.188" /><testcase classname="backend.tests.test_smart_receipts.TestSmartReceiptUpload" name="test_receipt_upload_invalid_format" time="0.448" /><testcase classname="backend.tests.test_smart_receipts.TestSmartReceiptUpload" name="test_receipt_upload_accepts_jpg" time="1.922" /><testcase classname="backend.tests.test_smart_receipts.TestSmartReceiptUpload" name="test_receipt_upload_accepts_png" time="0.704" /><testcase classname="backend.tests.test_smart_receipts.TestReceiptConfirm" name="test_confirm_requires_auth" time="0.106" /><testcase classname="backend.tests.test_smart_receipts.TestReceiptConfirm" name="test_confirm_requires_receipt_id" time="0.114" /><testcase classname="backend.tests.test_smart_receipts.TestReceiptConfirm" name="test_confirm_requires_items" time="0.111" /><testcase classname="backend.tests.test_smart_receipts.TestReceiptConfirm" name="test_confirm_creates_budget_items" time="0.382" /><testcase classname="backend.tests.test_smart_receipts.TestReceiptUploads" name="test_get_uploads_requires_auth" time="0.109" /><testcase classname="backend.tests.test_smart_receipts.TestReceiptUploads" name="test_get_uploads_returns_list" time="0.124" /><testcase classname="backend.tests.test_smart_receipts.TestBudgetRegressionChecks" name="test_budget_items_endpoint" time="0.110" /><testcase classname="backend.tests.test_smart_receipts.TestBudgetRegressionChecks" name="test_budget_summary_endpoint" time="0.106" /><testcase classname="backend.tests.test_smart_receipts.TestBudgetRegressionChecks" name="test_payment_summary_endpoint" time="0.123" /></testsuite></testsuites>