<?xml version="1.0" encoding="utf-8"?><testsuites name="pytest tests"><testsuite name="pytest" errors="0" failures="0" skipped="0" tests="4" time="1.848" timestamp="2026-03-09T21:34:52.626043+00:00" hostname="agent-env-669a83f3-2513-49f1-8dee-34d4e1a9fc55"><testcase classname="backend.tests.test_squadron_names.TestSquadronNameRefactoring" name="test_squadrons_endpoint_returns_correct_labels" time="0.485" /><testcase classname="backend.tests.test_squadron_names.TestSquadronNameRefactoring" name="test_squadrons_endpoint_values" time="0.436" /><testcase classname="backend.tests.test_squadron_names.TestSquadronNameRefactoring" name="test_flights_endpoint_squadron_mapping" time="0.434" /><testcase classname="backend.tests.test_squadron_names.TestSquadronNameRefactoring" name="test_api_health" time="0.392" /></testsuite></testsuites>