<?xml version="1.0" encoding="utf-8"?><testsuites name="pytest tests"><testsuite name="pytest" errors="0" failures="0" skipped="0" tests="18" time="7.198" timestamp="2026-04-03T15:33:36.783777+00:00" hostname="agent-env-291acb8d-be6f-4dcc-8e6d-0c610650aa2a"><testcase classname="backend.tests.test_squadron_visibility.TestSquadronVisibility" name="test_squadron_commander_login" time="0.372" /><testcase classname="backend.tests.test_squadron_visibility.TestSquadronVisibility" name="test_squadron_commander_my_flight_accessible_flights" time="0.420" /><testcase classname="backend.tests.test_squadron_visibility.TestSquadronVisibility" name="test_squadron_commander_participants_filter" time="0.387" /><testcase classname="backend.tests.test_squadron_visibility.TestSquadronVisibility" name="test_squadron_commander_by_flight_filter" time="0.379" /><testcase classname="backend.tests.test_squadron_visibility.TestSquadronVisibility" name="test_training_officer_login" time="0.341" /><testcase classname="backend.tests.test_squadron_visibility.TestSquadronVisibility" name="test_training_officer_my_flight_accessible_flights" time="0.389" /><testcase classname="backend.tests.test_squadron_visibility.TestSquadronVisibility" name="test_training_officer_participants_filter" time="0.397" /><testcase classname="backend.tests.test_squadron_visibility.TestSquadronVisibility" name="test_training_officer_by_flight_filter" time="0.380" /><testcase classname="backend.tests.test_squadron_visibility.TestSquadronVisibility" name="test_exec_cadre_alpha_only_sees_alpha" time="0.464" /><testcase classname="backend.tests.test_squadron_visibility.TestSquadronVisibility" name="test_exec_cadre_alpha_by_flight" time="0.378" /><testcase classname="backend.tests.test_squadron_visibility.TestSquadronVisibility" name="test_commander_sees_all_participants" time="0.421" /><testcase classname="backend.tests.test_squadron_visibility.TestSquadronVisibility" name="test_commander_sees_all_flights_in_by_flight" time="0.421" /><testcase classname="backend.tests.test_squadron_visibility.TestSquadronVisibility" name="test_commander_my_flight_full_access" time="0.401" /><testcase classname="backend.tests.test_squadron_visibility.TestSquadronVisibility" name="test_parent_login_redirects_to_my_cadet" time="0.352" /><testcase classname="backend.tests.test_squadron_visibility.TestSquadronVisibility" name="test_parent_cannot_access_participants" time="0.401" /><testcase classname="backend.tests.test_squadron_visibility.TestSquadronVisibility" name="test_parent_cannot_access_by_flight" time="0.381" /><testcase classname="backend.tests.test_squadron_visibility.TestSquadronVisibility" name="test_parent_role_in_valid_roles" time="0.397" /><testcase classname="backend.tests.test_squadron_visibility.TestOrgChartAutoSync" name="test_org_chart_roles_endpoint" time="0.440" /></testsuite></testsuites>