<?xml version="1.0" encoding="utf-8"?><testsuites name="pytest tests"><testsuite name="pytest" errors="0" failures="0" skipped="0" tests="24" time="12.160" timestamp="2026-03-12T02:09:10.865733+00:00" hostname="agent-env-f20c2237-5f45-437e-a721-2283b76a938a"><testcase classname="backend.tests.test_statusboard.TestStatusBoardAuth" name="test_display_endpoint_no_auth" time="0.595" /><testcase classname="backend.tests.test_statusboard.TestStatusBoardAuth" name="test_seed_sample_data" time="0.485" /><testcase classname="backend.tests.test_statusboard.TestStatusBoardAuth" name="test_get_flights" time="0.503" /><testcase classname="backend.tests.test_statusboard.TestStatusBoardAuth" name="test_create_flight" time="0.461" /><testcase classname="backend.tests.test_statusboard.TestStatusBoardAuth" name="test_update_flight" time="0.683" /><testcase classname="backend.tests.test_statusboard.TestStatusBoardAuth" name="test_delete_flight" time="0.538" /><testcase classname="backend.tests.test_statusboard.TestStatusBoardAuth" name="test_get_issues" time="0.465" /><testcase classname="backend.tests.test_statusboard.TestStatusBoardAuth" name="test_create_issue" time="0.464" /><testcase classname="backend.tests.test_statusboard.TestStatusBoardAuth" name="test_update_issue_to_resolved" time="0.582" /><testcase classname="backend.tests.test_statusboard.TestStatusBoardAuth" name="test_get_announcements" time="0.491" /><testcase classname="backend.tests.test_statusboard.TestStatusBoardAuth" name="test_create_announcement" time="0.507" /><testcase classname="backend.tests.test_statusboard.TestStatusBoardAuth" name="test_delete_announcement" time="0.546" /><testcase classname="backend.tests.test_statusboard.TestStatusBoardAuth" name="test_get_schedule" time="0.440" /><testcase classname="backend.tests.test_statusboard.TestStatusBoardAuth" name="test_create_schedule_event" time="0.470" /><testcase classname="backend.tests.test_statusboard.TestStatusBoardAuth" name="test_delete_schedule_event" time="0.580" /><testcase classname="backend.tests.test_statusboard.TestStatusBoardAuth" name="test_get_resources" time="0.460" /><testcase classname="backend.tests.test_statusboard.TestStatusBoardAuth" name="test_create_resource" time="0.460" /><testcase classname="backend.tests.test_statusboard.TestStatusBoardAuth" name="test_update_resource_status" time="0.564" /><testcase classname="backend.tests.test_statusboard.TestStatusBoardAuth" name="test_get_settings" time="0.455" /><testcase classname="backend.tests.test_statusboard.TestStatusBoardAuth" name="test_update_settings" time="0.613" /><testcase classname="backend.tests.test_statusboard.TestStatusBoardAuth" name="test_activate_emergency_banner" time="0.591" /><testcase classname="backend.tests.test_statusboard.TestStatusBoardAuth" name="test_deactivate_emergency_banner" time="0.521" /><testcase classname="backend.tests.test_statusboard.TestStatusBoardAuth" name="test_get_audit_log" time="0.464" /><testcase classname="backend.tests.test_statusboard.TestStatusBoardUnauthorized" name="test_emergency_requires_commander_role" time="0.128" /></testsuite></testsuites>