<?xml version="1.0" encoding="utf-8"?><testsuites name="pytest tests"><testsuite name="pytest" errors="0" failures="0" skipped="0" tests="11" time="2.658" timestamp="2026-03-26T15:15:51.590816+00:00" hostname="agent-env-c2112518-2999-4b77-8667-05ee10ccf99e"><testcase classname="backend.tests.test_student_upload.TestFlightDistribution" name="test_get_flight_distribution_requires_auth" time="0.258" /><testcase classname="backend.tests.test_student_upload.TestFlightDistribution" name="test_get_flight_distribution_success" time="0.493" /><testcase classname="backend.tests.test_student_upload.TestFlightDistribution" name="test_flight_capacity_is_15" time="0.125" /><testcase classname="backend.tests.test_student_upload.TestStudentUploadEndpoint" name="test_upload_requires_auth" time="0.535" /><testcase classname="backend.tests.test_student_upload.TestStudentUploadEndpoint" name="test_upload_rejects_non_excel" time="0.121" /><testcase classname="backend.tests.test_student_upload.TestParticipantCategoryFiltering" name="test_get_participants_returns_all_types" time="0.170" /><testcase classname="backend.tests.test_student_upload.TestParticipantCategoryFiltering" name="test_students_have_correct_type" time="0.161" /><testcase classname="backend.tests.test_student_upload.TestParticipantCategoryFiltering" name="test_students_have_flight_assignments" time="0.158" /><testcase classname="backend.tests.test_student_upload.TestParticipantStats" name="test_get_participant_stats" time="0.119" /><testcase classname="backend.tests.test_student_upload.TestStudentDetailView" name="test_get_participant_detail" time="0.306" /><testcase classname="backend.tests.test_student_upload.TestFlightDistributionBalance" name="test_distribution_is_balanced" time="0.140" /></testsuite></testsuites>