<?xml version="1.0" encoding="utf-8"?><testsuites name="pytest tests"><testsuite name="pytest" errors="0" failures="0" skipped="1" tests="8" time="3.957" timestamp="2026-03-26T23:50:24.366749+00:00" hostname="agent-env-d405cba9-a404-4e72-b2ab-7adb0359dd9a"><testcase classname="tests.test_support_cadre_dual_assignment.TestSquadronCommanderRole" name="test_squadron_commander_role_in_users_list" time="0.480" /><testcase classname="tests.test_support_cadre_dual_assignment.TestSupportSectionAssignment" name="test_put_users_unit_accepts_support_section" time="0.555" /><testcase classname="tests.test_support_cadre_dual_assignment.TestSupportSectionAssignment" name="test_user_response_includes_support_section" time="0.114" /><testcase classname="tests.test_support_cadre_dual_assignment.TestSupportSectionAssignment" name="test_support_cadre_dual_assignment" time="0.340"><skipped type="pytest.skip" message="Backend needs fix: support_cadre should allow flight sub-assignment like ops_cadre">/app/backend/tests/test_support_cadre_dual_assignment.py:170: Backend needs fix: support_cadre should allow flight sub-assignment like ops_cadre</skipped></testcase><testcase classname="tests.test_support_cadre_dual_assignment.TestSupportSectionAssignment" name="test_all_support_sections_valid" time="0.810" /><testcase classname="tests.test_support_cadre_dual_assignment.TestPageVisibilityPermissions" name="test_put_permissions_saves_page_visibility" time="0.635" /><testcase classname="tests.test_support_cadre_dual_assignment.TestPageVisibilityPermissions" name="test_reset_permissions_to_defaults" time="0.238" /><testcase classname="tests.test_support_cadre_dual_assignment.TestSquadronCommanderPermissions" name="test_squadron_commander_default_permissions" time="0.723" /></testsuite></testsuites>