<?xml version="1.0" encoding="utf-8"?><testsuites name="pytest tests"><testsuite name="pytest" errors="0" failures="0" skipped="0" tests="33" time="14.231" timestamp="2026-03-26T16:25:01.031305+00:00" hostname="agent-env-d405cba9-a404-4e72-b2ab-7adb0359dd9a"><testcase classname="backend.tests.test_support_squadron.TestSupportSquadronBackend" name="test_org_chart_roles_endpoint_returns_200" time="0.528" /><testcase classname="backend.tests.test_support_squadron.TestSupportSquadronBackend" name="test_total_support_squadron_roles_count" time="0.595" /><testcase classname="backend.tests.test_support_squadron.TestSupportSquadronBackend" name="test_support_squadron_commander_exists" time="0.448" /><testcase classname="backend.tests.test_support_squadron.TestSupportSquadronBackend" name="test_all_five_sections_have_oic" time="0.556" /><testcase classname="backend.tests.test_support_squadron.TestSupportSquadronBackend" name="test_all_sections_have_four_roles" time="0.476" /><testcase classname="backend.tests.test_support_squadron.TestSupportSquadronBackend" name="test_aoic_ncoic_cadre_report_to_oic" time="0.445" /><testcase classname="backend.tests.test_support_squadron.TestSupportSquadronBackend" name="test_individual_role_details_endpoint" time="0.395" /><testcase classname="backend.tests.test_support_squadron.TestSupportSquadronBackend" name="test_support_role_details_have_correct_hierarchy" time="0.388" /><testcase classname="backend.tests.test_support_squadron.TestSupportSquadronBackend" name="test_support_roles_have_summaries" time="0.429" /><testcase classname="backend.tests.test_support_squadron.TestSupportSquadronBackend" name="test_support_roles_have_responsibilities" time="0.419" /><testcase classname="backend.tests.test_support_squadron.TestSupportSquadronBackend" name="test_vacant_roles_have_no_assigned_member" time="0.421" /><testcase classname="backend.tests.test_support_squadron.TestSupportSquadronBackend" name="test_total_org_chart_roles_count" time="0.440" /><testcase classname="backend.tests.test_support_squadron.TestSupportSquadronRoleIds" name="test_support_role_exists[support-sq-cc-Support Squadron Commander]" time="0.409" /><testcase classname="backend.tests.test_support_squadron.TestSupportSquadronRoleIds" name="test_support_role_exists[support-logistics-oic-Logistics OIC]" time="0.376" /><testcase classname="backend.tests.test_support_squadron.TestSupportSquadronRoleIds" name="test_support_role_exists[support-logistics-aoic-Logistics AOIC]" time="0.511" /><testcase classname="backend.tests.test_support_squadron.TestSupportSquadronRoleIds" name="test_support_role_exists[support-logistics-ncoic-Logistics NCOIC]" time="0.414" /><testcase classname="backend.tests.test_support_squadron.TestSupportSquadronRoleIds" name="test_support_role_exists[support-logistics-cadre-Logistics Cadre]" time="0.390" /><testcase classname="backend.tests.test_support_squadron.TestSupportSquadronRoleIds" name="test_support_role_exists[support-comms-oic-Communications OIC]" time="0.417" /><testcase classname="backend.tests.test_support_squadron.TestSupportSquadronRoleIds" name="test_support_role_exists[support-comms-aoic-Communications AOIC]" time="0.405" /><testcase classname="backend.tests.test_support_squadron.TestSupportSquadronRoleIds" name="test_support_role_exists[support-comms-ncoic-Communications NCOIC]" time="0.407" /><testcase classname="backend.tests.test_support_squadron.TestSupportSquadronRoleIds" name="test_support_role_exists[support-comms-cadre-Communications Cadre]" time="0.404" /><testcase classname="backend.tests.test_support_squadron.TestSupportSquadronRoleIds" name="test_support_role_exists[support-pa-oic-Public Affairs OIC]" time="0.376" /><testcase classname="backend.tests.test_support_squadron.TestSupportSquadronRoleIds" name="test_support_role_exists[support-pa-aoic-Public Affairs AOIC]" time="0.403" /><testcase classname="backend.tests.test_support_squadron.TestSupportSquadronRoleIds" name="test_support_role_exists[support-pa-ncoic-Public Affairs NCOIC]" time="0.466" /><testcase classname="backend.tests.test_support_squadron.TestSupportSquadronRoleIds" name="test_support_role_exists[support-pa-cadre-Public Affairs Cadre]" time="0.419" /><testcase classname="backend.tests.test_support_squadron.TestSupportSquadronRoleIds" name="test_support_role_exists[support-dining-oic-Dining Services OIC]" time="0.394" /><testcase classname="backend.tests.test_support_squadron.TestSupportSquadronRoleIds" name="test_support_role_exists[support-dining-aoic-Dining Services AOIC]" time="0.433" /><testcase classname="backend.tests.test_support_squadron.TestSupportSquadronRoleIds" name="test_support_role_exists[support-dining-ncoic-Dining Services NCOIC]" time="0.410" /><testcase classname="backend.tests.test_support_squadron.TestSupportSquadronRoleIds" name="test_support_role_exists[support-dining-cadre-Dining Services Cadre]" time="0.395" /><testcase classname="backend.tests.test_support_squadron.TestSupportSquadronRoleIds" name="test_support_role_exists[support-health-oic-Health Services OIC]" time="0.437" /><testcase classname="backend.tests.test_support_squadron.TestSupportSquadronRoleIds" name="test_support_role_exists[support-health-aoic-Health Services AOIC]" time="0.378" /><testcase classname="backend.tests.test_support_squadron.TestSupportSquadronRoleIds" name="test_support_role_exists[support-health-ncoic-Health Services NCOIC]" time="0.384" /><testcase classname="backend.tests.test_support_squadron.TestSupportSquadronRoleIds" name="test_support_role_exists[support-health-cadre-Health Services Cadre]" time="0.383" /></testsuite></testsuites>