<?xml version="1.0" encoding="utf-8"?><testsuites name="pytest tests"><testsuite name="pytest" errors="0" failures="0" skipped="0" tests="22" time="4.793" timestamp="2026-03-10T20:27:47.774587+00:00" hostname="agent-env-19f0abe6-da06-42c1-9f35-bb5d682d7459"><testcase classname="backend.tests.test_training_officer.TestTrainingSummary" name="test_get_training_summary_success" time="0.640" /><testcase classname="backend.tests.test_training_officer.TestTrainingSummary" name="test_get_training_summary_requires_auth" time="0.135" /><testcase classname="backend.tests.test_training_officer.TestBlisterChecks" name="test_create_blister_check_success" time="0.188" /><testcase classname="backend.tests.test_training_officer.TestBlisterChecks" name="test_get_blister_checks_success" time="0.116" /><testcase classname="backend.tests.test_training_officer.TestBlisterChecks" name="test_get_blister_checks_with_date_filter" time="0.194" /><testcase classname="backend.tests.test_training_officer.TestBlisterChecks" name="test_get_blister_checks_with_flight_filter" time="0.184" /><testcase classname="backend.tests.test_training_officer.TestBlisterChecks" name="test_update_blister_check_status" time="0.422" /><testcase classname="backend.tests.test_training_officer.TestBlisterChecks" name="test_update_nonexistent_blister_check" time="0.130" /><testcase classname="backend.tests.test_training_officer.TestCounselingLogs" name="test_create_counseling_log_success" time="0.115" /><testcase classname="backend.tests.test_training_officer.TestCounselingLogs" name="test_get_counseling_logs_success" time="0.151" /><testcase classname="backend.tests.test_training_officer.TestCounselingLogs" name="test_get_counseling_logs_with_filters" time="0.126" /><testcase classname="backend.tests.test_training_officer.TestCounselingLogs" name="test_update_counseling_log" time="0.339" /><testcase classname="backend.tests.test_training_officer.TestCounselingLogs" name="test_update_nonexistent_counseling_log" time="0.122" /><testcase classname="backend.tests.test_training_officer.TestCadreIssues" name="test_create_cadre_issue_success" time="0.161" /><testcase classname="backend.tests.test_training_officer.TestCadreIssues" name="test_get_cadre_issues_success" time="0.112" /><testcase classname="backend.tests.test_training_officer.TestCadreIssues" name="test_update_cadre_issue_status_in_progress" time="0.262" /><testcase classname="backend.tests.test_training_officer.TestCadreIssues" name="test_update_cadre_issue_status_resolved" time="0.254" /><testcase classname="backend.tests.test_training_officer.TestCadreIssues" name="test_update_cadre_issue_status_escalated" time="0.267" /><testcase classname="backend.tests.test_training_officer.TestCadreIssues" name="test_update_nonexistent_cadre_issue" time="0.153" /><testcase classname="backend.tests.test_training_officer.TestTrainingOfficerRoleInAdmin" name="test_update_user_role_to_training_officer" time="0.361" /><testcase classname="backend.tests.test_training_officer.TestExistingTestData" name="test_existing_blister_check_visible" time="0.149" /><testcase classname="backend.tests.test_training_officer.TestExistingTestData" name="test_existing_counseling_log_visible" time="0.114" /></testsuite></testsuites>