<?xml version="1.0" encoding="utf-8"?><testsuites name="pytest tests"><testsuite name="pytest" errors="0" failures="0" skipped="0" tests="9" time="5.034" timestamp="2026-03-27T00:42:32.688077+00:00" hostname="agent-env-689d916c-05a6-48ce-8c4a-e77f091afe2b"><testcase classname="backend.tests.test_user_participant_sync.TestUserParticipantSync" name="test_sync_endpoint_exists" time="0.637" /><testcase classname="backend.tests.test_user_participant_sync.TestUserParticipantSync" name="test_sync_returns_correct_structure" time="0.110" /><testcase classname="backend.tests.test_user_participant_sync.TestUserParticipantSync" name="test_sync_is_idempotent" time="0.243" /><testcase classname="backend.tests.test_user_participant_sync.TestUserParticipantSync" name="test_sync_requires_admin_role" time="1.030" /><testcase classname="backend.tests.test_user_participant_sync.TestUserParticipantSync" name="test_sync_requires_authentication" time="0.111" /><testcase classname="backend.tests.test_user_participant_sync.TestUserParticipantSync" name="test_sync_links_user_by_capid" time="1.002" /><testcase classname="backend.tests.test_user_participant_sync.TestUserParticipantSync" name="test_sync_creates_participant_for_unmatched_user" time="1.119" /><testcase classname="backend.tests.test_user_participant_sync.TestUserParticipantSync" name="test_sync_allowed_roles" time="0.245" /><testcase classname="backend.tests.test_user_participant_sync.TestUserLinkStatus" name="test_users_have_linked_participant_id_field" time="0.472" /></testsuite></testsuites>